#! /usr/bin/env bash
exec /home/david/miniconda3/envs/digital/bin/vvp -f "$0" "$@" <<'# EOF'
:ivl_version "13.0 (devel)" "(0_8-6859-gf50cc35d2-dirty)";
:ivl_delay_selection "TYPICAL";
:vpi_time_precision - 12;
:vpi_module "/home/david/miniconda3/envs/digital/lib/ivl/system.vpi";
:vpi_module "/home/david/miniconda3/envs/digital/lib/ivl/vhdl_sys.vpi";
:vpi_module "/home/david/miniconda3/envs/digital/lib/ivl/vhdl_textio.vpi";
:vpi_module "/home/david/miniconda3/envs/digital/lib/ivl/v2005_math.vpi";
:vpi_module "/home/david/miniconda3/envs/digital/lib/ivl/va_math.vpi";
S_0x205ce100 .scope module, "separar_num_tb" "separar_num_tb" 2 3;
 .timescale -9 -12;
v0x205e1730_0 .net "BCD_t", 3 0, v0x20593140_0;  1 drivers
v0x205e1820_0 .var "clk2_tb", 0 0;
v0x205e18f0_0 .var "num_tb", 5 0;
S_0x205ce290 .scope module, "uut" "separar_num" 2 13, 3 1 0, S_0x205ce100;
 .timescale -9 -12;
    .port_info 0 /INPUT 6 "num";
    .port_info 1 /INPUT 1 "clk2";
    .port_info 2 /OUTPUT 4 "BCD";
P_0x205ce470 .param/l "cont" 0 3 7, +C4<00000000000000000000000000000001>;
v0x20593140_0 .var "BCD", 3 0;
v0x205e1440_0 .var "algo", 0 0;
v0x205e1500_0 .net "clk2", 0 0, v0x205e1820_0;  1 drivers
v0x205e15d0_0 .net "num", 5 0, v0x205e18f0_0;  1 drivers
E_0x205cc4f0 .event posedge, v0x205e1500_0;
    .scope S_0x205ce290;
T_0 ;
    %pushi/vec4 0, 0, 1;
    %store/vec4 v0x205e1440_0, 0, 1;
    %end;
    .thread T_0;
    .scope S_0x205ce290;
T_1 ;
    %wait E_0x205cc4f0;
    %load/vec4 v0x205e1440_0;
    %dup/vec4;
    %pushi/vec4 0, 0, 1;
    %cmp/u;
    %jmp/1 T_1.0, 6;
    %dup/vec4;
    %pushi/vec4 1, 0, 1;
    %cmp/u;
    %jmp/1 T_1.1, 6;
    %jmp T_1.2;
T_1.0 ;
    %load/vec4 v0x205e15d0_0;
    %pad/u 32;
    %pushi/vec4 10, 0, 32;
    %mod;
    %pad/u 4;
    %assign/vec4 v0x20593140_0, 0;
    %pushi/vec4 1, 0, 1;
    %store/vec4 v0x205e1440_0, 0, 1;
    %jmp T_1.2;
T_1.1 ;
    %load/vec4 v0x205e15d0_0;
    %pad/u 32;
    %load/vec4 v0x205e15d0_0;
    %pad/u 32;
    %pushi/vec4 10, 0, 32;
    %mod;
    %sub;
    %pushi/vec4 10, 0, 32;
    %div;
    %pad/u 4;
    %assign/vec4 v0x20593140_0, 0;
    %pushi/vec4 0, 0, 1;
    %store/vec4 v0x205e1440_0, 0, 1;
    %jmp T_1.2;
T_1.2 ;
    %pop/vec4 1;
    %jmp T_1;
    .thread T_1;
    .scope S_0x205ce100;
T_2 ;
    %delay 5000, 0;
    %load/vec4 v0x205e1820_0;
    %inv;
    %store/vec4 v0x205e1820_0, 0, 1;
    %jmp T_2;
    .thread T_2;
    .scope S_0x205ce100;
T_3 ;
    %pushi/vec4 0, 0, 1;
    %store/vec4 v0x205e1820_0, 0, 1;
    %pushi/vec4 0, 0, 6;
    %store/vec4 v0x205e18f0_0, 0, 6;
    %delay 100000, 0;
    %pushi/vec4 17, 0, 6;
    %store/vec4 v0x205e18f0_0, 0, 6;
    %delay 100000, 0;
    %pushi/vec4 35, 0, 6;
    %store/vec4 v0x205e18f0_0, 0, 6;
    %delay 100000, 0;
    %pushi/vec4 42, 0, 6;
    %store/vec4 v0x205e18f0_0, 0, 6;
    %delay 100000, 0;
    %pushi/vec4 59, 0, 6;
    %store/vec4 v0x205e18f0_0, 0, 6;
    %delay 100000, 0;
    %pushi/vec4 12, 0, 6;
    %store/vec4 v0x205e18f0_0, 0, 6;
    %delay 100000, 0;
    %vpi_call 2 31 "$finish" {0 0 0};
    %end;
    .thread T_3;
    .scope S_0x205ce100;
T_4 ;
    %vpi_call 2 36 "$dumpfile", "separar_num_tb.vcd" {0 0 0};
    %vpi_call 2 37 "$dumpvars", 32'sb11111111111111111111111111111111, S_0x205ce290 {0 0 0};
    %end;
    .thread T_4;
# The file index is used to find the file name in the following table.
:file_names 4;
    "N/A";
    "<interactive>";
    "src/BCD_tb.v";
    "./src/BCD.v";
# EOF
