#! /usr/bin/env bash
exec /home/david/miniconda3/envs/digital/bin/vvp -f "$0" "$@" <<'# EOF'
:ivl_version "13.0 (devel)" "(0_8-6859-gf50cc35d2-dirty)";
:ivl_delay_selection "TYPICAL";
:vpi_time_precision - 12;
:vpi_module "/home/david/miniconda3/envs/digital/lib/ivl/system.vpi";
:vpi_module "/home/david/miniconda3/envs/digital/lib/ivl/vhdl_sys.vpi";
:vpi_module "/home/david/miniconda3/envs/digital/lib/ivl/vhdl_textio.vpi";
:vpi_module "/home/david/miniconda3/envs/digital/lib/ivl/v2005_math.vpi";
:vpi_module "/home/david/miniconda3/envs/digital/lib/ivl/va_math.vpi";
S_0x8cc2140 .scope module, "caja_tb" "caja_tb" 2 7;
 .timescale -9 -12;
v0x8d1d640_0 .net "SSeg_tb", 0 6, v0x8d1cd40_0;  1 drivers
v0x8d1d770_0 .net "an_tb", 3 0, L_0x8d1dbc0;  1 drivers
v0x8d1d880_0 .var "clk2_tb", 0 0;
v0x8d1d970_0 .var "num_tb", 5 0;
v0x8d1da60_0 .var "s_tb", 3 0;
S_0x8cc22d0 .scope module, "uut" "caja" 2 19, 3 1 0, S_0x8cc2140;
 .timescale -9 -12;
    .port_info 0 /INPUT 6 "num";
    .port_info 1 /INPUT 1 "clk2";
    .port_info 2 /INPUT 4 "s";
    .port_info 3 /OUTPUT 7 "SSeg";
    .port_info 4 /OUTPUT 4 "an";
v0x8d1d080_0 .net "BCD", 3 0, v0x8d046f0_0;  1 drivers
v0x8d1d1b0_0 .net "SSeg", 0 6, v0x8d1cd40_0;  alias, 1 drivers
v0x8d1d270_0 .net "an", 3 0, L_0x8d1dbc0;  alias, 1 drivers
v0x8d1d340_0 .net "clk2", 0 0, v0x8d1d880_0;  1 drivers
v0x8d1d410_0 .net "num", 5 0, v0x8d1d970_0;  1 drivers
v0x8d1d500_0 .net "s", 3 0, v0x8d1da60_0;  1 drivers
S_0x8d04400 .scope module, "suma" "separar_num" 3 12, 4 1 0, S_0x8cc22d0;
 .timescale -9 -12;
    .port_info 0 /INPUT 6 "num";
    .port_info 1 /INPUT 1 "clk2";
    .port_info 2 /OUTPUT 4 "BCD";
P_0x8d045e0 .param/l "cont" 0 4 7, +C4<00000000000000000000000000000001>;
v0x8d046f0_0 .var "BCD", 3 0;
v0x8d1c7a0_0 .var "algo", 0 0;
v0x8d1c860_0 .net "clk2", 0 0, v0x8d1d880_0;  alias, 1 drivers
v0x8d1c900_0 .net "num", 5 0, v0x8d1d970_0;  alias, 1 drivers
E_0x8d00570 .event posedge, v0x8d1c860_0;
S_0x8d1ca60 .scope module, "sumar" "BCDtoSSeg" 3 19, 5 1 0, S_0x8cc22d0;
 .timescale -9 -12;
    .port_info 0 /INPUT 4 "BCD";
    .port_info 1 /INPUT 4 "s";
    .port_info 2 /OUTPUT 7 "SSeg";
    .port_info 3 /OUTPUT 4 "an";
L_0x8d1dbc0 .functor BUFZ 4, v0x8d046f0_0, C4<0000>, C4<0000>, C4<0000>;
v0x8d1cc60_0 .net "BCD", 3 0, v0x8d046f0_0;  alias, 1 drivers
v0x8d1cd40_0 .var "SSeg", 0 6;
v0x8d1ce00_0 .net "an", 3 0, L_0x8d1dbc0;  alias, 1 drivers
v0x8d1cef0_0 .net "s", 3 0, v0x8d1da60_0;  alias, 1 drivers
E_0x8d005b0 .event anyedge, v0x8d046f0_0;
    .scope S_0x8d04400;
T_0 ;
    %pushi/vec4 0, 0, 1;
    %store/vec4 v0x8d1c7a0_0, 0, 1;
    %end;
    .thread T_0;
    .scope S_0x8d04400;
T_1 ;
    %wait E_0x8d00570;
    %load/vec4 v0x8d1c7a0_0;
    %dup/vec4;
    %pushi/vec4 0, 0, 1;
    %cmp/u;
    %jmp/1 T_1.0, 6;
    %dup/vec4;
    %pushi/vec4 1, 0, 1;
    %cmp/u;
    %jmp/1 T_1.1, 6;
    %jmp T_1.2;
T_1.0 ;
    %load/vec4 v0x8d1c900_0;
    %pad/u 32;
    %pushi/vec4 10, 0, 32;
    %mod;
    %pad/u 4;
    %assign/vec4 v0x8d046f0_0, 0;
    %pushi/vec4 1, 0, 1;
    %store/vec4 v0x8d1c7a0_0, 0, 1;
    %jmp T_1.2;
T_1.1 ;
    %load/vec4 v0x8d1c900_0;
    %pad/u 32;
    %load/vec4 v0x8d1c900_0;
    %pad/u 32;
    %pushi/vec4 10, 0, 32;
    %mod;
    %sub;
    %pushi/vec4 10, 0, 32;
    %div;
    %pad/u 4;
    %assign/vec4 v0x8d046f0_0, 0;
    %pushi/vec4 0, 0, 1;
    %store/vec4 v0x8d1c7a0_0, 0, 1;
    %jmp T_1.2;
T_1.2 ;
    %pop/vec4 1;
    %jmp T_1;
    .thread T_1;
    .scope S_0x8d1ca60;
T_2 ;
    %wait E_0x8d005b0;
    %load/vec4 v0x8d1cc60_0;
    %dup/vec4;
    %pushi/vec4 0, 0, 4;
    %cmp/u;
    %jmp/1 T_2.0, 6;
    %dup/vec4;
    %pushi/vec4 1, 0, 4;
    %cmp/u;
    %jmp/1 T_2.1, 6;
    %dup/vec4;
    %pushi/vec4 2, 0, 4;
    %cmp/u;
    %jmp/1 T_2.2, 6;
    %dup/vec4;
    %pushi/vec4 3, 0, 4;
    %cmp/u;
    %jmp/1 T_2.3, 6;
    %dup/vec4;
    %pushi/vec4 4, 0, 4;
    %cmp/u;
    %jmp/1 T_2.4, 6;
    %dup/vec4;
    %pushi/vec4 5, 0, 4;
    %cmp/u;
    %jmp/1 T_2.5, 6;
    %dup/vec4;
    %pushi/vec4 6, 0, 4;
    %cmp/u;
    %jmp/1 T_2.6, 6;
    %dup/vec4;
    %pushi/vec4 7, 0, 4;
    %cmp/u;
    %jmp/1 T_2.7, 6;
    %dup/vec4;
    %pushi/vec4 8, 0, 4;
    %cmp/u;
    %jmp/1 T_2.8, 6;
    %dup/vec4;
    %pushi/vec4 9, 0, 4;
    %cmp/u;
    %jmp/1 T_2.9, 6;
    %dup/vec4;
    %pushi/vec4 10, 0, 4;
    %cmp/u;
    %jmp/1 T_2.10, 6;
    %dup/vec4;
    %pushi/vec4 11, 0, 4;
    %cmp/u;
    %jmp/1 T_2.11, 6;
    %dup/vec4;
    %pushi/vec4 12, 0, 4;
    %cmp/u;
    %jmp/1 T_2.12, 6;
    %dup/vec4;
    %pushi/vec4 13, 0, 4;
    %cmp/u;
    %jmp/1 T_2.13, 6;
    %dup/vec4;
    %pushi/vec4 14, 0, 4;
    %cmp/u;
    %jmp/1 T_2.14, 6;
    %dup/vec4;
    %pushi/vec4 15, 0, 4;
    %cmp/u;
    %jmp/1 T_2.15, 6;
    %pushi/vec4 0, 0, 7;
    %store/vec4 v0x8d1cd40_0, 0, 7;
    %jmp T_2.17;
T_2.0 ;
    %pushi/vec4 1, 0, 7;
    %store/vec4 v0x8d1cd40_0, 0, 7;
    %jmp T_2.17;
T_2.1 ;
    %pushi/vec4 79, 0, 7;
    %store/vec4 v0x8d1cd40_0, 0, 7;
    %jmp T_2.17;
T_2.2 ;
    %pushi/vec4 18, 0, 7;
    %store/vec4 v0x8d1cd40_0, 0, 7;
    %jmp T_2.17;
T_2.3 ;
    %pushi/vec4 6, 0, 7;
    %store/vec4 v0x8d1cd40_0, 0, 7;
    %jmp T_2.17;
T_2.4 ;
    %pushi/vec4 76, 0, 7;
    %store/vec4 v0x8d1cd40_0, 0, 7;
    %jmp T_2.17;
T_2.5 ;
    %pushi/vec4 36, 0, 7;
    %store/vec4 v0x8d1cd40_0, 0, 7;
    %jmp T_2.17;
T_2.6 ;
    %pushi/vec4 32, 0, 7;
    %store/vec4 v0x8d1cd40_0, 0, 7;
    %jmp T_2.17;
T_2.7 ;
    %pushi/vec4 15, 0, 7;
    %store/vec4 v0x8d1cd40_0, 0, 7;
    %jmp T_2.17;
T_2.8 ;
    %pushi/vec4 0, 0, 7;
    %store/vec4 v0x8d1cd40_0, 0, 7;
    %jmp T_2.17;
T_2.9 ;
    %pushi/vec4 4, 0, 7;
    %store/vec4 v0x8d1cd40_0, 0, 7;
    %jmp T_2.17;
T_2.10 ;
    %pushi/vec4 8, 0, 7;
    %store/vec4 v0x8d1cd40_0, 0, 7;
    %jmp T_2.17;
T_2.11 ;
    %pushi/vec4 96, 0, 7;
    %store/vec4 v0x8d1cd40_0, 0, 7;
    %jmp T_2.17;
T_2.12 ;
    %pushi/vec4 49, 0, 7;
    %store/vec4 v0x8d1cd40_0, 0, 7;
    %jmp T_2.17;
T_2.13 ;
    %pushi/vec4 66, 0, 7;
    %store/vec4 v0x8d1cd40_0, 0, 7;
    %jmp T_2.17;
T_2.14 ;
    %pushi/vec4 48, 0, 7;
    %store/vec4 v0x8d1cd40_0, 0, 7;
    %jmp T_2.17;
T_2.15 ;
    %pushi/vec4 56, 0, 7;
    %store/vec4 v0x8d1cd40_0, 0, 7;
    %jmp T_2.17;
T_2.17 ;
    %pop/vec4 1;
    %jmp T_2;
    .thread T_2, $push;
    .scope S_0x8cc2140;
T_3 ;
    %delay 5000, 0;
    %load/vec4 v0x8d1d880_0;
    %inv;
    %store/vec4 v0x8d1d880_0, 0, 1;
    %jmp T_3;
    .thread T_3;
    .scope S_0x8cc2140;
T_4 ;
    %pushi/vec4 14, 0, 4;
    %store/vec4 v0x8d1da60_0, 0, 4;
T_4.0 ;
    %delay 40000, 0;
    %load/vec4 v0x8d1da60_0;
    %parti/s 3, 0, 2;
    %load/vec4 v0x8d1da60_0;
    %parti/s 1, 3, 3;
    %concat/vec4; draw_concat_vec4
    %store/vec4 v0x8d1da60_0, 0, 4;
    %jmp T_4.0;
T_4.1 ;
    %end;
    .thread T_4;
    .scope S_0x8cc2140;
T_5 ;
    %pushi/vec4 0, 0, 1;
    %store/vec4 v0x8d1d880_0, 0, 1;
    %pushi/vec4 0, 0, 6;
    %store/vec4 v0x8d1d970_0, 0, 6;
    %delay 100000, 0;
    %pushi/vec4 17, 0, 6;
    %store/vec4 v0x8d1d970_0, 0, 6;
    %delay 100000, 0;
    %pushi/vec4 35, 0, 6;
    %store/vec4 v0x8d1d970_0, 0, 6;
    %delay 100000, 0;
    %pushi/vec4 42, 0, 6;
    %store/vec4 v0x8d1d970_0, 0, 6;
    %delay 100000, 0;
    %pushi/vec4 59, 0, 6;
    %store/vec4 v0x8d1d970_0, 0, 6;
    %delay 100000, 0;
    %pushi/vec4 12, 0, 6;
    %store/vec4 v0x8d1d970_0, 0, 6;
    %delay 100000, 0;
    %vpi_call 2 47 "$finish" {0 0 0};
    %end;
    .thread T_5;
    .scope S_0x8cc2140;
T_6 ;
    %vpi_call 2 52 "$dumpfile", "caja_tb.vcd" {0 0 0};
    %vpi_call 2 53 "$dumpvars", 32'sb11111111111111111111111111111111, S_0x8cc22d0 {0 0 0};
    %end;
    .thread T_6;
# The file index is used to find the file name in the following table.
:file_names 6;
    "N/A";
    "<interactive>";
    "src/caja_tb.v";
    "./src/caja.v";
    "./src/BCD.v";
    "./src/BCDtoSSeg.v";
# EOF
