#! /usr/bin/env bash
exec /home/david/miniconda3/envs/digital/bin/vvp -f "$0" "$@" <<'# EOF'
:ivl_version "13.0 (devel)" "(0_8-6859-gf50cc35d2-dirty)";
:ivl_delay_selection "TYPICAL";
:vpi_time_precision + 0;
:vpi_module "/home/david/miniconda3/envs/digital/lib/ivl/system.vpi";
:vpi_module "/home/david/miniconda3/envs/digital/lib/ivl/vhdl_sys.vpi";
:vpi_module "/home/david/miniconda3/envs/digital/lib/ivl/vhdl_textio.vpi";
:vpi_module "/home/david/miniconda3/envs/digital/lib/ivl/v2005_math.vpi";
:vpi_module "/home/david/miniconda3/envs/digital/lib/ivl/va_math.vpi";
S_0x250ff410 .scope module, "proyecto" "proyecto" 2 3;
 .timescale 0 0;
    .port_info 0 /INPUT 1 "CLK";
    .port_info 1 /INPUT 1 "RST";
    .port_info 2 /INPUT 1 "BTN0";
    .port_info 3 /INPUT 1 "BTN1";
    .port_info 4 /INPUT 1 "BTN2";
    .port_info 5 /INPUT 1 "BTN3";
    .port_info 6 /OUTPUT 1 "LED0";
    .port_info 7 /OUTPUT 1 "LED1";
    .port_info 8 /OUTPUT 1 "LED2";
    .port_info 9 /OUTPUT 1 "LED3";
    .port_info 10 /OUTPUT 1 "SND";
    .port_info 11 /OUTPUT 1 "SEG_A";
    .port_info 12 /OUTPUT 1 "SEG_B";
    .port_info 13 /OUTPUT 1 "SEG_C";
    .port_info 14 /OUTPUT 1 "SEG_D";
    .port_info 15 /OUTPUT 1 "SEG_E";
    .port_info 16 /OUTPUT 1 "SEG_F";
    .port_info 17 /OUTPUT 1 "SEG_G";
    .port_info 18 /OUTPUT 1 "DIG1";
    .port_info 19 /OUTPUT 1 "DIG2";
o0x7222b123ecd8 .functor BUFZ 1, C4<z>; HiZ drive
v0x25126e20_0 .net "BTN0", 0 0, o0x7222b123ecd8;  0 drivers
o0x7222b123ed08 .functor BUFZ 1, C4<z>; HiZ drive
v0x25126f00_0 .net "BTN1", 0 0, o0x7222b123ed08;  0 drivers
o0x7222b123ed38 .functor BUFZ 1, C4<z>; HiZ drive
v0x25126fc0_0 .net "BTN2", 0 0, o0x7222b123ed38;  0 drivers
o0x7222b123ed68 .functor BUFZ 1, C4<z>; HiZ drive
v0x25127090_0 .net "BTN3", 0 0, o0x7222b123ed68;  0 drivers
o0x7222b123e0a8 .functor BUFZ 1, C4<z>; HiZ drive
v0x25127150_0 .net "CLK", 0 0, o0x7222b123e0a8;  0 drivers
v0x251271f0_0 .net "DIG1", 0 0, L_0x2513d4c0;  1 drivers
v0x251272b0_0 .net "DIG2", 0 0, L_0x2513d3f0;  1 drivers
v0x25127370_0 .net "LED0", 0 0, L_0x2513cad0;  1 drivers
v0x25127430_0 .net "LED1", 0 0, L_0x2513ca00;  1 drivers
v0x251274f0_0 .net "LED2", 0 0, L_0x2513c8e0;  1 drivers
v0x251275b0_0 .net "LED3", 0 0, L_0x2513c810;  1 drivers
o0x7222b123e138 .functor BUFZ 1, C4<z>; HiZ drive
v0x25127670_0 .net "RST", 0 0, o0x7222b123e138;  0 drivers
v0x25127710_0 .net "SEG_A", 0 0, L_0x2513d1a0;  1 drivers
v0x251277d0_0 .net "SEG_B", 0 0, L_0x2513d0d0;  1 drivers
v0x25127890_0 .net "SEG_C", 0 0, L_0x2513cfa0;  1 drivers
v0x25127950_0 .net "SEG_D", 0 0, L_0x2513ced0;  1 drivers
v0x25127a10_0 .net "SEG_E", 0 0, L_0x2513cd50;  1 drivers
v0x25127ad0_0 .net "SEG_F", 0 0, L_0x2513ccb0;  1 drivers
v0x25127b90_0 .net "SEG_G", 0 0, L_0x2513cba0;  1 drivers
v0x25127c50_0 .net "SND", 0 0, v0x25124710_0;  1 drivers
L_0x2513c630 .concat [ 1 1 1 1], o0x7222b123ecd8, o0x7222b123ed08, o0x7222b123ed38, o0x7222b123ed68;
L_0x2513c810 .part v0x25125d50_0, 3, 1;
L_0x2513c8e0 .part v0x25125d50_0, 2, 1;
L_0x2513ca00 .part v0x25125d50_0, 1, 1;
L_0x2513cad0 .part v0x25125d50_0, 0, 1;
L_0x2513cba0 .part v0x251254c0_0, 6, 1;
L_0x2513ccb0 .part v0x251254c0_0, 5, 1;
L_0x2513cd50 .part v0x251254c0_0, 4, 1;
L_0x2513ced0 .part v0x251254c0_0, 3, 1;
L_0x2513cfa0 .part v0x251254c0_0, 2, 1;
L_0x2513d0d0 .part v0x251254c0_0, 1, 1;
L_0x2513d1a0 .part v0x251254c0_0, 0, 1;
L_0x2513d3f0 .part v0x25124fd0_0, 1, 1;
L_0x2513d4c0 .part v0x25124fd0_0, 0, 1;
S_0x250e7c70 .scope module, "simon1" "simon" 2 27, 2 137 0, S_0x250ff410;
 .timescale 0 0;
    .port_info 0 /INPUT 1 "clk";
    .port_info 1 /INPUT 1 "rst";
    .port_info 2 /INPUT 16 "ticks_per_milli";
    .port_info 3 /INPUT 4 "btn";
    .port_info 4 /INPUT 1 "segments_invert";
    .port_info 5 /OUTPUT 4 "led";
    .port_info 6 /OUTPUT 1 "sound";
    .port_info 7 /OUTPUT 7 "segments";
    .port_info 8 /OUTPUT 2 "segment_digits";
P_0x250aef40 .param/l "MAX_GAME_LEN" 1 2 149, +C4<00000000000000000000000000100000>;
P_0x250aef80 .param/l "StateGameOver" 1 2 179, +C4<00000000000000000000000000000111>;
P_0x250aefc0 .param/l "StateInit" 1 2 173, +C4<00000000000000000000000000000001>;
P_0x250af000 .param/l "StateNextLevel" 1 2 178, +C4<00000000000000000000000000000110>;
P_0x250af040 .param/l "StatePlay" 1 2 174, +C4<00000000000000000000000000000010>;
P_0x250af080 .param/l "StatePlayWait" 1 2 175, +C4<00000000000000000000000000000011>;
P_0x250af0c0 .param/l "StatePowerOn" 1 2 172, +C4<00000000000000000000000000000000>;
P_0x250af100 .param/l "StateUserInput" 1 2 177, +C4<00000000000000000000000000000101>;
P_0x250af140 .param/l "StateUserWait" 1 2 176, +C4<00000000000000000000000000000100>;
L_0x251063e0 .functor OR 1, o0x7222b123e138, v0x25126200_0, C4<0>, C4<0>;
L_0x7222b0fb7330 .functor BUFT 1, C4<1001101110>, C4<0>, C4<0>, C4<0>;
v0x25125760 .array "GAMEOVER_TONES", 0 3;
v0x25125760_0 .net v0x25125760 0, 9 0, L_0x7222b0fb7330; 1 drivers
L_0x7222b0fb7378 .functor BUFT 1, C4<1001001011>, C4<0>, C4<0>, C4<0>;
v0x25125760_1 .net v0x25125760 1, 9 0, L_0x7222b0fb7378; 1 drivers
L_0x7222b0fb73c0 .functor BUFT 1, C4<1000101010>, C4<0>, C4<0>, C4<0>;
v0x25125760_2 .net v0x25125760 2, 9 0, L_0x7222b0fb73c0; 1 drivers
L_0x7222b0fb7408 .functor BUFT 1, C4<1000001011>, C4<0>, C4<0>, C4<0>;
v0x25125760_3 .net v0x25125760 3, 9 0, L_0x7222b0fb7408; 1 drivers
L_0x7222b0fb7018 .functor BUFT 1, C4<0011000100>, C4<0>, C4<0>, C4<0>;
v0x251258c0 .array "GAME_TONES", 0 3;
v0x251258c0_0 .net v0x251258c0 0, 9 0, L_0x7222b0fb7018; 1 drivers
L_0x7222b0fb7060 .functor BUFT 1, C4<0100000110>, C4<0>, C4<0>, C4<0>;
v0x251258c0_1 .net v0x251258c0 1, 9 0, L_0x7222b0fb7060; 1 drivers
L_0x7222b0fb70a8 .functor BUFT 1, C4<0101001010>, C4<0>, C4<0>, C4<0>;
v0x251258c0_2 .net v0x251258c0 2, 9 0, L_0x7222b0fb70a8; 1 drivers
L_0x7222b0fb70f0 .functor BUFT 1, C4<1100010000>, C4<0>, C4<0>, C4<0>;
v0x251258c0_3 .net v0x251258c0 3, 9 0, L_0x7222b0fb70f0; 1 drivers
L_0x7222b0fb7138 .functor BUFT 1, C4<0101001010>, C4<0>, C4<0>, C4<0>;
v0x25125a00 .array "SUCCESS_TONES", 0 6;
v0x25125a00_0 .net v0x25125a00 0, 9 0, L_0x7222b0fb7138; 1 drivers
L_0x7222b0fb7180 .functor BUFT 1, C4<0110001000>, C4<0>, C4<0>, C4<0>;
v0x25125a00_1 .net v0x25125a00 1, 9 0, L_0x7222b0fb7180; 1 drivers
L_0x7222b0fb71c8 .functor BUFT 1, C4<1010010011>, C4<0>, C4<0>, C4<0>;
v0x25125a00_2 .net v0x25125a00 2, 9 0, L_0x7222b0fb71c8; 1 drivers
L_0x7222b0fb7210 .functor BUFT 1, C4<1000001011>, C4<0>, C4<0>, C4<0>;
v0x25125a00_3 .net v0x25125a00 3, 9 0, L_0x7222b0fb7210; 1 drivers
L_0x7222b0fb7258 .functor BUFT 1, C4<1001001011>, C4<0>, C4<0>, C4<0>;
v0x25125a00_4 .net v0x25125a00 4, 9 0, L_0x7222b0fb7258; 1 drivers
L_0x7222b0fb72a0 .functor BUFT 1, C4<1100010000>, C4<0>, C4<0>, C4<0>;
v0x25125a00_5 .net v0x25125a00 5, 9 0, L_0x7222b0fb72a0; 1 drivers
L_0x7222b0fb72e8 .functor BUFT 1, C4<0000000000>, C4<0>, C4<0>, C4<0>;
v0x25125a00_6 .net v0x25125a00 6, 9 0, L_0x7222b0fb72e8; 1 drivers
v0x25125b80_0 .net "btn", 3 0, L_0x2513c630;  1 drivers
v0x25125c60_0 .net "clk", 0 0, o0x7222b123e0a8;  alias, 0 drivers
v0x25125d50_0 .var "led", 3 0;
v0x25125e30_0 .var "millis_counter", 9 0;
v0x25125f10_0 .var "next_random", 1 0;
v0x25125ff0_0 .net "rst", 0 0, o0x7222b123e138;  alias, 0 drivers
v0x25126090_0 .var "score_ena", 0 0;
v0x25126130_0 .var "score_inc", 0 0;
v0x25126200_0 .var "score_rst", 0 0;
v0x251262a0_0 .net "segment_digits", 1 0, v0x25124fd0_0;  1 drivers
v0x25126370_0 .net "segments", 6 0, v0x251254c0_0;  1 drivers
L_0x7222b0fb7528 .functor BUFT 1, C4<1>, C4<0>, C4<0>, C4<0>;
v0x25126440_0 .net "segments_invert", 0 0, L_0x7222b0fb7528;  1 drivers
v0x25126510 .array "seq", 0 31, 1 0;
v0x251265b0_0 .var "seq_counter", 4 0;
v0x25126650_0 .var "seq_length", 4 0;
v0x25126730_0 .net "sound", 0 0, v0x25124710_0;  alias, 1 drivers
v0x25126800_0 .var "sound_freq", 9 0;
v0x251268d0_0 .var "state", 2 0;
v0x25126990_0 .var "tick_counter", 15 0;
L_0x7222b0fb74e0 .functor BUFT 1, C4<0000000000110010>, C4<0>, C4<0>, C4<0>;
v0x25126a70_0 .net "ticks_per_milli", 15 0, L_0x7222b0fb74e0;  1 drivers
v0x25126b60_0 .var "tone_sequence_counter", 2 0;
v0x25126c20_0 .var "user_input", 1 0;
S_0x250f98f0 .scope module, "play1" "play" 2 197, 2 104 0, S_0x250e7c70;
 .timescale 0 0;
    .port_info 0 /INPUT 1 "clk";
    .port_info 1 /INPUT 1 "rst";
    .port_info 2 /INPUT 16 "ticks_per_milli";
    .port_info 3 /INPUT 10 "freq";
    .port_info 4 /OUTPUT 1 "sound";
L_0x7222b0fb7a38 .functor BUFT 1, C4<00000000000000000000000000110010>, C4<0>, C4<0>, C4<0>;
v0x250c54c0_0 .net *"_ivl_0", 31 0, L_0x7222b0fb7a38;  1 drivers
L_0x7222b0fb7450 .functor BUFT 1, C4<00000000000000000000001111101000>, C4<0>, C4<0>, C4<0>;
v0x2510a130_0 .net/2u *"_ivl_4", 31 0, L_0x7222b0fb7450;  1 drivers
L_0x7222b0fb7498 .functor BUFT 1, C4<0000000000000000000000>, C4<0>, C4<0>, C4<0>;
v0x250ff0e0_0 .net/2u *"_ivl_8", 21 0, L_0x7222b0fb7498;  1 drivers
v0x250f2990_0 .net "clk", 0 0, o0x7222b123e0a8;  alias, 0 drivers
v0x250e7940_0 .net "freq", 9 0, v0x25126800_0;  1 drivers
v0x250f8fc0_0 .net "freq32", 31 0, L_0x2513c310;  1 drivers
v0x250e18e0_0 .net "rst", 0 0, o0x7222b123e138;  alias, 0 drivers
v0x25124710_0 .var "sound", 0 0;
v0x251247d0_0 .var "tick_counter", 31 0;
v0x251248b0_0 .net "ticks_per_milli", 15 0, L_0x7222b0fb74e0;  alias, 1 drivers
v0x25124990_0 .net "ticks_per_second", 31 0, L_0x2513c100;  1 drivers
E_0x250b8970 .event posedge, v0x250f2990_0;
L_0x2513c100 .arith/mult 32, L_0x7222b0fb7a38, L_0x7222b0fb7450;
L_0x2513c310 .concat [ 10 22 0 0], v0x25126800_0, L_0x7222b0fb7498;
S_0x25124b10 .scope module, "score1" "score" 2 205, 2 46 0, S_0x250e7c70;
 .timescale 0 0;
    .port_info 0 /INPUT 1 "clk";
    .port_info 1 /INPUT 1 "rst";
    .port_info 2 /INPUT 1 "ena";
    .port_info 3 /INPUT 1 "invert";
    .port_info 4 /INPUT 1 "inc";
    .port_info 5 /OUTPUT 7 "segments";
    .port_info 6 /OUTPUT 2 "digits";
v0x25124db0_0 .var "active_digit", 0 0;
v0x25124e70_0 .net "clk", 0 0, o0x7222b123e0a8;  alias, 0 drivers
v0x25124f30_0 .net "digit_value", 3 0, L_0x2513c480;  1 drivers
v0x25124fd0_0 .var "digits", 1 0;
v0x25125090_0 .net "ena", 0 0, v0x25126090_0;  1 drivers
v0x251251a0_0 .net "inc", 0 0, v0x25126130_0;  1 drivers
v0x25125260_0 .net "invert", 0 0, L_0x7222b0fb7528;  alias, 1 drivers
v0x25125320_0 .var "ones", 3 0;
v0x25125400_0 .net "rst", 0 0, L_0x251063e0;  1 drivers
v0x251254c0_0 .var "segments", 6 0;
v0x251255a0_0 .var "tens", 3 0;
L_0x2513c480 .functor MUXZ 4, v0x25125320_0, v0x251255a0_0, v0x25124db0_0, C4<>;
S_0x250fa000 .scope module, "simon_dice_tb" "simon_dice_tb" 3 3;
 .timescale 0 0;
P_0x250f9060 .param/l "TICKS" 1 3 10, +C4<00000000000000000000000000000001>;
v0x2512ba50_0 .var "button", 3 0;
v0x2512bb60_0 .net "led", 3 0, v0x2512a870_0;  1 drivers
v0x2512bc30_0 .var "rst", 0 0;
v0x2512bd00_0 .var "sclk", 0 0;
S_0x25127fc0 .scope module, "dut" "simon" 3 26, 2 137 0, S_0x250fa000;
 .timescale 0 0;
    .port_info 0 /INPUT 1 "clk";
    .port_info 1 /INPUT 1 "rst";
    .port_info 2 /INPUT 16 "ticks_per_milli";
    .port_info 3 /INPUT 4 "btn";
    .port_info 4 /INPUT 1 "segments_invert";
    .port_info 5 /OUTPUT 4 "led";
    .port_info 6 /OUTPUT 1 "sound";
    .port_info 7 /OUTPUT 7 "segments";
    .port_info 8 /OUTPUT 2 "segment_digits";
P_0x251281c0 .param/l "MAX_GAME_LEN" 1 2 149, +C4<00000000000000000000000000100000>;
P_0x25128200 .param/l "StateGameOver" 1 2 179, +C4<00000000000000000000000000000111>;
P_0x25128240 .param/l "StateInit" 1 2 173, +C4<00000000000000000000000000000001>;
P_0x25128280 .param/l "StateNextLevel" 1 2 178, +C4<00000000000000000000000000000110>;
P_0x251282c0 .param/l "StatePlay" 1 2 174, +C4<00000000000000000000000000000010>;
P_0x25128300 .param/l "StatePlayWait" 1 2 175, +C4<00000000000000000000000000000011>;
P_0x25128340 .param/l "StatePowerOn" 1 2 172, +C4<00000000000000000000000000000000>;
P_0x25128380 .param/l "StateUserInput" 1 2 177, +C4<00000000000000000000000000000101>;
P_0x251283c0 .param/l "StateUserWait" 1 2 176, +C4<00000000000000000000000000000100>;
L_0x2513d380 .functor OR 1, v0x2512bc30_0, v0x2512ad20_0, C4<0>, C4<0>;
L_0x7222b0fb7888 .functor BUFT 1, C4<1001101110>, C4<0>, C4<0>, C4<0>;
v0x2512a220 .array "GAMEOVER_TONES", 0 3;
v0x2512a220_0 .net v0x2512a220 0, 9 0, L_0x7222b0fb7888; 1 drivers
L_0x7222b0fb78d0 .functor BUFT 1, C4<1001001011>, C4<0>, C4<0>, C4<0>;
v0x2512a220_1 .net v0x2512a220 1, 9 0, L_0x7222b0fb78d0; 1 drivers
L_0x7222b0fb7918 .functor BUFT 1, C4<1000101010>, C4<0>, C4<0>, C4<0>;
v0x2512a220_2 .net v0x2512a220 2, 9 0, L_0x7222b0fb7918; 1 drivers
L_0x7222b0fb7960 .functor BUFT 1, C4<1000001011>, C4<0>, C4<0>, C4<0>;
v0x2512a220_3 .net v0x2512a220 3, 9 0, L_0x7222b0fb7960; 1 drivers
L_0x7222b0fb7570 .functor BUFT 1, C4<0011000100>, C4<0>, C4<0>, C4<0>;
v0x2512a380 .array "GAME_TONES", 0 3;
v0x2512a380_0 .net v0x2512a380 0, 9 0, L_0x7222b0fb7570; 1 drivers
L_0x7222b0fb75b8 .functor BUFT 1, C4<0100000110>, C4<0>, C4<0>, C4<0>;
v0x2512a380_1 .net v0x2512a380 1, 9 0, L_0x7222b0fb75b8; 1 drivers
L_0x7222b0fb7600 .functor BUFT 1, C4<0101001010>, C4<0>, C4<0>, C4<0>;
v0x2512a380_2 .net v0x2512a380 2, 9 0, L_0x7222b0fb7600; 1 drivers
L_0x7222b0fb7648 .functor BUFT 1, C4<1100010000>, C4<0>, C4<0>, C4<0>;
v0x2512a380_3 .net v0x2512a380 3, 9 0, L_0x7222b0fb7648; 1 drivers
L_0x7222b0fb7690 .functor BUFT 1, C4<0101001010>, C4<0>, C4<0>, C4<0>;
v0x2512a4f0 .array "SUCCESS_TONES", 0 6;
v0x2512a4f0_0 .net v0x2512a4f0 0, 9 0, L_0x7222b0fb7690; 1 drivers
L_0x7222b0fb76d8 .functor BUFT 1, C4<0110001000>, C4<0>, C4<0>, C4<0>;
v0x2512a4f0_1 .net v0x2512a4f0 1, 9 0, L_0x7222b0fb76d8; 1 drivers
L_0x7222b0fb7720 .functor BUFT 1, C4<1010010011>, C4<0>, C4<0>, C4<0>;
v0x2512a4f0_2 .net v0x2512a4f0 2, 9 0, L_0x7222b0fb7720; 1 drivers
L_0x7222b0fb7768 .functor BUFT 1, C4<1000001011>, C4<0>, C4<0>, C4<0>;
v0x2512a4f0_3 .net v0x2512a4f0 3, 9 0, L_0x7222b0fb7768; 1 drivers
L_0x7222b0fb77b0 .functor BUFT 1, C4<1001001011>, C4<0>, C4<0>, C4<0>;
v0x2512a4f0_4 .net v0x2512a4f0 4, 9 0, L_0x7222b0fb77b0; 1 drivers
L_0x7222b0fb77f8 .functor BUFT 1, C4<1100010000>, C4<0>, C4<0>, C4<0>;
v0x2512a4f0_5 .net v0x2512a4f0 5, 9 0, L_0x7222b0fb77f8; 1 drivers
L_0x7222b0fb7840 .functor BUFT 1, C4<0000000000>, C4<0>, C4<0>, C4<0>;
v0x2512a4f0_6 .net v0x2512a4f0 6, 9 0, L_0x7222b0fb7840; 1 drivers
v0x2512a6a0_0 .net "btn", 3 0, v0x2512ba50_0;  1 drivers
v0x2512a780_0 .net "clk", 0 0, v0x2512bd00_0;  1 drivers
v0x2512a870_0 .var "led", 3 0;
v0x2512a950_0 .var "millis_counter", 9 0;
v0x2512aa30_0 .var "next_random", 1 0;
v0x2512ab10_0 .net "rst", 0 0, v0x2512bc30_0;  1 drivers
v0x2512abb0_0 .var "score_ena", 0 0;
v0x2512ac50_0 .var "score_inc", 0 0;
v0x2512ad20_0 .var "score_rst", 0 0;
v0x2512adc0_0 .net "segment_digits", 1 0, v0x25129a50_0;  1 drivers
v0x2512ae90_0 .net "segments", 6 0, v0x25129f40_0;  1 drivers
o0x7222b123f7b8 .functor BUFZ 1, C4<z>; HiZ drive
v0x2512af60_0 .net "segments_invert", 0 0, o0x7222b123f7b8;  0 drivers
v0x2512b030 .array "seq", 0 31, 1 0;
v0x2512b0d0_0 .var "seq_counter", 4 0;
v0x2512b280_0 .var "seq_length", 4 0;
v0x2512b360_0 .net "sound", 0 0, v0x25129120_0;  1 drivers
v0x2512b430_0 .var "sound_freq", 9 0;
v0x2512b500_0 .var "state", 2 0;
v0x2512b5c0_0 .var "tick_counter", 15 0;
o0x7222b123f578 .functor BUFZ 16, C4<zzzzzzzzzzzzzzzz>; HiZ drive
v0x2512b6a0_0 .net "ticks_per_milli", 15 0, o0x7222b123f578;  0 drivers
v0x2512b790_0 .var "tone_sequence_counter", 2 0;
v0x2512b850_0 .var "user_input", 1 0;
S_0x25128850 .scope module, "play1" "play" 2 197, 2 104 0, S_0x25127fc0;
 .timescale 0 0;
    .port_info 0 /INPUT 1 "clk";
    .port_info 1 /INPUT 1 "rst";
    .port_info 2 /INPUT 16 "ticks_per_milli";
    .port_info 3 /INPUT 10 "freq";
    .port_info 4 /OUTPUT 1 "sound";
L_0x7222b0fb7a80 .functor BUFT 1, C4<0000000000000000zzzzzzzzzzzzzzzz>, C4<0>, C4<0>, C4<0>;
v0x25128ac0_0 .net *"_ivl_0", 31 0, L_0x7222b0fb7a80;  1 drivers
L_0x7222b0fb79a8 .functor BUFT 1, C4<00000000000000000000001111101000>, C4<0>, C4<0>, C4<0>;
v0x25128bc0_0 .net/2u *"_ivl_4", 31 0, L_0x7222b0fb79a8;  1 drivers
L_0x7222b0fb79f0 .functor BUFT 1, C4<0000000000000000000000>, C4<0>, C4<0>, C4<0>;
v0x25128ca0_0 .net/2u *"_ivl_8", 21 0, L_0x7222b0fb79f0;  1 drivers
v0x25128d90_0 .net "clk", 0 0, v0x2512bd00_0;  alias, 1 drivers
v0x25128e50_0 .net "freq", 9 0, v0x2512b430_0;  1 drivers
v0x25128f80_0 .net "freq32", 31 0, L_0x2513dbf0;  1 drivers
v0x25129060_0 .net "rst", 0 0, v0x2512bc30_0;  alias, 1 drivers
v0x25129120_0 .var "sound", 0 0;
v0x251291e0_0 .var "tick_counter", 31 0;
v0x251292c0_0 .net "ticks_per_milli", 15 0, o0x7222b123f578;  alias, 0 drivers
v0x251293a0_0 .net "ticks_per_second", 31 0, L_0x2513daf0;  1 drivers
E_0x2510b460 .event posedge, v0x25128d90_0;
L_0x2513daf0 .arith/mult 32, L_0x7222b0fb7a80, L_0x7222b0fb79a8;
L_0x2513dbf0 .concat [ 10 22 0 0], v0x2512b430_0, L_0x7222b0fb79f0;
S_0x25129520 .scope module, "score1" "score" 2 205, 2 46 0, S_0x25127fc0;
 .timescale 0 0;
    .port_info 0 /INPUT 1 "clk";
    .port_info 1 /INPUT 1 "rst";
    .port_info 2 /INPUT 1 "ena";
    .port_info 3 /INPUT 1 "invert";
    .port_info 4 /INPUT 1 "inc";
    .port_info 5 /OUTPUT 7 "segments";
    .port_info 6 /OUTPUT 2 "digits";
v0x25129800_0 .var "active_digit", 0 0;
v0x251298c0_0 .net "clk", 0 0, v0x2512bd00_0;  alias, 1 drivers
v0x25129980_0 .net "digit_value", 3 0, L_0x2513dd60;  1 drivers
v0x25129a50_0 .var "digits", 1 0;
v0x25129b10_0 .net "ena", 0 0, v0x2512abb0_0;  1 drivers
v0x25129c20_0 .net "inc", 0 0, v0x2512ac50_0;  1 drivers
v0x25129ce0_0 .net "invert", 0 0, o0x7222b123f7b8;  alias, 0 drivers
v0x25129da0_0 .var "ones", 3 0;
v0x25129e80_0 .net "rst", 0 0, L_0x2513d380;  1 drivers
v0x25129f40_0 .var "segments", 6 0;
v0x2512a020_0 .var "tens", 3 0;
L_0x2513dd60 .functor MUXZ 4, v0x25129da0_0, v0x2512a020_0, v0x25129800_0, C4<>;
    .scope S_0x250f98f0;
T_0 ;
    %wait E_0x250b8970;
    %load/vec4 v0x250e18e0_0;
    %flag_set/vec4 8;
    %jmp/0xz  T_0.0, 8;
    %pushi/vec4 0, 0, 32;
    %assign/vec4 v0x251247d0_0, 0;
    %pushi/vec4 0, 0, 1;
    %assign/vec4 v0x25124710_0, 0;
    %jmp T_0.1;
T_0.0 ;
    %load/vec4 v0x250e7940_0;
    %pad/u 32;
    %cmpi/e 0, 0, 32;
    %jmp/0xz  T_0.2, 4;
    %pushi/vec4 0, 0, 1;
    %assign/vec4 v0x25124710_0, 0;
    %jmp T_0.3;
T_0.2 ;
    %load/vec4 v0x251247d0_0;
    %load/vec4 v0x250f8fc0_0;
    %add;
    %assign/vec4 v0x251247d0_0, 0;
    %load/vec4 v0x25124990_0;
    %ix/load 4, 1, 0;
    %flag_set/imm 4, 0;
    %shiftr 4;
    %load/vec4 v0x251247d0_0;
    %cmp/u;
    %flag_or 5, 4;
    %jmp/0xz  T_0.4, 5;
    %load/vec4 v0x25124710_0;
    %nor/r;
    %assign/vec4 v0x25124710_0, 0;
    %load/vec4 v0x251247d0_0;
    %load/vec4 v0x250f8fc0_0;
    %add;
    %load/vec4 v0x25124990_0;
    %ix/load 4, 1, 0;
    %flag_set/imm 4, 0;
    %shiftr 4;
    %sub;
    %assign/vec4 v0x251247d0_0, 0;
T_0.4 ;
T_0.3 ;
T_0.1 ;
    %jmp T_0;
    .thread T_0;
    .scope S_0x25124b10;
T_1 ;
    %wait E_0x250b8970;
    %load/vec4 v0x25124db0_0;
    %inv;
    %assign/vec4 v0x25124db0_0, 0;
    %load/vec4 v0x25125400_0;
    %flag_set/vec4 8;
    %jmp/0xz  T_1.0, 8;
    %pushi/vec4 0, 0, 4;
    %assign/vec4 v0x25125320_0, 0;
    %pushi/vec4 0, 0, 4;
    %assign/vec4 v0x251255a0_0, 0;
    %jmp T_1.1;
T_1.0 ;
    %load/vec4 v0x251251a0_0;
    %flag_set/vec4 8;
    %jmp/0xz  T_1.2, 8;
    %load/vec4 v0x25125320_0;
    %addi 1, 0, 4;
    %assign/vec4 v0x25125320_0, 0;
    %load/vec4 v0x25125320_0;
    %pad/u 32;
    %cmpi/e 9, 0, 32;
    %jmp/0xz  T_1.4, 4;
    %pushi/vec4 0, 0, 4;
    %assign/vec4 v0x25125320_0, 0;
    %load/vec4 v0x251255a0_0;
    %addi 1, 0, 4;
    %assign/vec4 v0x251255a0_0, 0;
    %load/vec4 v0x251255a0_0;
    %pad/u 32;
    %cmpi/e 9, 0, 32;
    %jmp/0xz  T_1.6, 4;
    %pushi/vec4 0, 0, 4;
    %assign/vec4 v0x251255a0_0, 0;
T_1.6 ;
T_1.4 ;
T_1.2 ;
T_1.1 ;
    %load/vec4 v0x25124db0_0;
    %dup/vec4;
    %pushi/vec4 0, 0, 1;
    %cmp/u;
    %jmp/1 T_1.8, 6;
    %dup/vec4;
    %pushi/vec4 1, 0, 1;
    %cmp/u;
    %jmp/1 T_1.9, 6;
    %jmp T_1.10;
T_1.8 ;
    %load/vec4 v0x25125260_0;
    %flag_set/vec4 8;
    %jmp/0 T_1.11, 8;
    %pushi/vec4 2, 0, 2;
    %jmp/1 T_1.12, 8;
T_1.11 ; End of true expr.
    %pushi/vec4 1, 0, 2;
    %jmp/0 T_1.12, 8;
 ; End of false expr.
    %blend;
T_1.12;
    %assign/vec4 v0x25124fd0_0, 0;
    %jmp T_1.10;
T_1.9 ;
    %load/vec4 v0x25125260_0;
    %flag_set/vec4 8;
    %jmp/0 T_1.13, 8;
    %pushi/vec4 1, 0, 2;
    %jmp/1 T_1.14, 8;
T_1.13 ; End of true expr.
    %pushi/vec4 2, 0, 2;
    %jmp/0 T_1.14, 8;
 ; End of false expr.
    %blend;
T_1.14;
    %assign/vec4 v0x25124fd0_0, 0;
    %jmp T_1.10;
T_1.10 ;
    %pop/vec4 1;
    %load/vec4 v0x25125090_0;
    %flag_set/vec4 8;
    %jmp/0 T_1.27, 8;
    %load/vec4 v0x25124f30_0;
    %jmp/1 T_1.28, 8;
T_1.27 ; End of true expr.
    %pushi/vec4 15, 0, 4;
    %jmp/0 T_1.28, 8;
 ; End of false expr.
    %blend;
T_1.28;
    %dup/vec4;
    %pushi/vec4 0, 0, 4;
    %cmp/u;
    %jmp/1 T_1.15, 6;
    %dup/vec4;
    %pushi/vec4 1, 0, 4;
    %cmp/u;
    %jmp/1 T_1.16, 6;
    %dup/vec4;
    %pushi/vec4 2, 0, 4;
    %cmp/u;
    %jmp/1 T_1.17, 6;
    %dup/vec4;
    %pushi/vec4 3, 0, 4;
    %cmp/u;
    %jmp/1 T_1.18, 6;
    %dup/vec4;
    %pushi/vec4 4, 0, 4;
    %cmp/u;
    %jmp/1 T_1.19, 6;
    %dup/vec4;
    %pushi/vec4 5, 0, 4;
    %cmp/u;
    %jmp/1 T_1.20, 6;
    %dup/vec4;
    %pushi/vec4 6, 0, 4;
    %cmp/u;
    %jmp/1 T_1.21, 6;
    %dup/vec4;
    %pushi/vec4 7, 0, 4;
    %cmp/u;
    %jmp/1 T_1.22, 6;
    %dup/vec4;
    %pushi/vec4 8, 0, 4;
    %cmp/u;
    %jmp/1 T_1.23, 6;
    %dup/vec4;
    %pushi/vec4 9, 0, 4;
    %cmp/u;
    %jmp/1 T_1.24, 6;
    %load/vec4 v0x25125260_0;
    %flag_set/vec4 8;
    %jmp/0 T_1.29, 8;
    %pushi/vec4 127, 0, 7;
    %jmp/1 T_1.30, 8;
T_1.29 ; End of true expr.
    %pushi/vec4 0, 0, 7;
    %jmp/0 T_1.30, 8;
 ; End of false expr.
    %blend;
T_1.30;
    %assign/vec4 v0x251254c0_0, 0;
    %jmp T_1.26;
T_1.15 ;
    %load/vec4 v0x25125260_0;
    %flag_set/vec4 8;
    %jmp/0 T_1.31, 8;
    %pushi/vec4 64, 0, 7;
    %jmp/1 T_1.32, 8;
T_1.31 ; End of true expr.
    %pushi/vec4 63, 0, 7;
    %jmp/0 T_1.32, 8;
 ; End of false expr.
    %blend;
T_1.32;
    %assign/vec4 v0x251254c0_0, 0;
    %jmp T_1.26;
T_1.16 ;
    %load/vec4 v0x25125260_0;
    %flag_set/vec4 8;
    %jmp/0 T_1.33, 8;
    %pushi/vec4 121, 0, 7;
    %jmp/1 T_1.34, 8;
T_1.33 ; End of true expr.
    %pushi/vec4 6, 0, 7;
    %jmp/0 T_1.34, 8;
 ; End of false expr.
    %blend;
T_1.34;
    %assign/vec4 v0x251254c0_0, 0;
    %jmp T_1.26;
T_1.17 ;
    %load/vec4 v0x25125260_0;
    %flag_set/vec4 8;
    %jmp/0 T_1.35, 8;
    %pushi/vec4 36, 0, 7;
    %jmp/1 T_1.36, 8;
T_1.35 ; End of true expr.
    %pushi/vec4 91, 0, 7;
    %jmp/0 T_1.36, 8;
 ; End of false expr.
    %blend;
T_1.36;
    %assign/vec4 v0x251254c0_0, 0;
    %jmp T_1.26;
T_1.18 ;
    %load/vec4 v0x25125260_0;
    %flag_set/vec4 8;
    %jmp/0 T_1.37, 8;
    %pushi/vec4 48, 0, 7;
    %jmp/1 T_1.38, 8;
T_1.37 ; End of true expr.
    %pushi/vec4 79, 0, 7;
    %jmp/0 T_1.38, 8;
 ; End of false expr.
    %blend;
T_1.38;
    %assign/vec4 v0x251254c0_0, 0;
    %jmp T_1.26;
T_1.19 ;
    %load/vec4 v0x25125260_0;
    %flag_set/vec4 8;
    %jmp/0 T_1.39, 8;
    %pushi/vec4 25, 0, 7;
    %jmp/1 T_1.40, 8;
T_1.39 ; End of true expr.
    %pushi/vec4 102, 0, 7;
    %jmp/0 T_1.40, 8;
 ; End of false expr.
    %blend;
T_1.40;
    %assign/vec4 v0x251254c0_0, 0;
    %jmp T_1.26;
T_1.20 ;
    %load/vec4 v0x25125260_0;
    %flag_set/vec4 8;
    %jmp/0 T_1.41, 8;
    %pushi/vec4 18, 0, 7;
    %jmp/1 T_1.42, 8;
T_1.41 ; End of true expr.
    %pushi/vec4 109, 0, 7;
    %jmp/0 T_1.42, 8;
 ; End of false expr.
    %blend;
T_1.42;
    %assign/vec4 v0x251254c0_0, 0;
    %jmp T_1.26;
T_1.21 ;
    %load/vec4 v0x25125260_0;
    %flag_set/vec4 8;
    %jmp/0 T_1.43, 8;
    %pushi/vec4 2, 0, 7;
    %jmp/1 T_1.44, 8;
T_1.43 ; End of true expr.
    %pushi/vec4 125, 0, 7;
    %jmp/0 T_1.44, 8;
 ; End of false expr.
    %blend;
T_1.44;
    %assign/vec4 v0x251254c0_0, 0;
    %jmp T_1.26;
T_1.22 ;
    %load/vec4 v0x25125260_0;
    %flag_set/vec4 8;
    %jmp/0 T_1.45, 8;
    %pushi/vec4 120, 0, 7;
    %jmp/1 T_1.46, 8;
T_1.45 ; End of true expr.
    %pushi/vec4 7, 0, 7;
    %jmp/0 T_1.46, 8;
 ; End of false expr.
    %blend;
T_1.46;
    %assign/vec4 v0x251254c0_0, 0;
    %jmp T_1.26;
T_1.23 ;
    %load/vec4 v0x25125260_0;
    %flag_set/vec4 8;
    %jmp/0 T_1.47, 8;
    %pushi/vec4 0, 0, 7;
    %jmp/1 T_1.48, 8;
T_1.47 ; End of true expr.
    %pushi/vec4 127, 0, 7;
    %jmp/0 T_1.48, 8;
 ; End of false expr.
    %blend;
T_1.48;
    %assign/vec4 v0x251254c0_0, 0;
    %jmp T_1.26;
T_1.24 ;
    %load/vec4 v0x25125260_0;
    %flag_set/vec4 8;
    %jmp/0 T_1.49, 8;
    %pushi/vec4 16, 0, 7;
    %jmp/1 T_1.50, 8;
T_1.49 ; End of true expr.
    %pushi/vec4 111, 0, 7;
    %jmp/0 T_1.50, 8;
 ; End of false expr.
    %blend;
T_1.50;
    %assign/vec4 v0x251254c0_0, 0;
    %jmp T_1.26;
T_1.26 ;
    %pop/vec4 1;
    %jmp T_1;
    .thread T_1;
    .scope S_0x250e7c70;
T_2 ;
    %wait E_0x250b8970;
    %load/vec4 v0x25125ff0_0;
    %flag_set/vec4 8;
    %jmp/0xz  T_2.0, 8;
    %pushi/vec4 0, 0, 5;
    %assign/vec4 v0x25126650_0, 0;
    %pushi/vec4 0, 0, 5;
    %assign/vec4 v0x251265b0_0, 0;
    %pushi/vec4 0, 0, 16;
    %assign/vec4 v0x25126990_0, 0;
    %pushi/vec4 0, 0, 10;
    %assign/vec4 v0x25125e30_0, 0;
    %pushi/vec4 0, 0, 10;
    %assign/vec4 v0x25126800_0, 0;
    %pushi/vec4 0, 0, 2;
    %assign/vec4 v0x25125f10_0, 0;
    %pushi/vec4 0, 0, 3;
    %assign/vec4 v0x251268d0_0, 0;
    %pushi/vec4 0, 0, 2;
    %ix/load 3, 0, 0;
    %flag_set/imm 4, 0;
    %ix/load 4, 0, 0; Constant delay
    %assign/vec4/a/d v0x25126510, 0, 4;
    %pushi/vec4 0, 0, 4;
    %assign/vec4 v0x25125d50_0, 0;
    %pushi/vec4 0, 0, 1;
    %assign/vec4 v0x25126130_0, 0;
    %pushi/vec4 0, 0, 1;
    %assign/vec4 v0x25126200_0, 0;
    %pushi/vec4 0, 0, 1;
    %assign/vec4 v0x25126090_0, 0;
    %jmp T_2.1;
T_2.0 ;
    %load/vec4 v0x25126990_0;
    %addi 1, 0, 16;
    %assign/vec4 v0x25126990_0, 0;
    %load/vec4 v0x25125f10_0;
    %addi 1, 0, 2;
    %assign/vec4 v0x25125f10_0, 0;
    %pushi/vec4 0, 0, 1;
    %assign/vec4 v0x25126130_0, 0;
    %pushi/vec4 0, 0, 1;
    %assign/vec4 v0x25126200_0, 0;
    %load/vec4 v0x25126990_0;
    %pad/u 32;
    %load/vec4 v0x25126a70_0;
    %pad/u 32;
    %subi 1, 0, 32;
    %cmp/e;
    %jmp/0xz  T_2.2, 4;
    %pushi/vec4 0, 0, 16;
    %assign/vec4 v0x25126990_0, 0;
    %load/vec4 v0x25125e30_0;
    %addi 1, 0, 10;
    %assign/vec4 v0x25125e30_0, 0;
T_2.2 ;
    %load/vec4 v0x251268d0_0;
    %dup/vec4;
    %pushi/vec4 0, 0, 3;
    %cmp/u;
    %jmp/1 T_2.4, 6;
    %dup/vec4;
    %pushi/vec4 1, 0, 3;
    %cmp/u;
    %jmp/1 T_2.5, 6;
    %dup/vec4;
    %pushi/vec4 2, 0, 3;
    %cmp/u;
    %jmp/1 T_2.6, 6;
    %dup/vec4;
    %pushi/vec4 3, 0, 3;
    %cmp/u;
    %jmp/1 T_2.7, 6;
    %dup/vec4;
    %pushi/vec4 4, 0, 3;
    %cmp/u;
    %jmp/1 T_2.8, 6;
    %dup/vec4;
    %pushi/vec4 5, 0, 3;
    %cmp/u;
    %jmp/1 T_2.9, 6;
    %dup/vec4;
    %pushi/vec4 6, 0, 3;
    %cmp/u;
    %jmp/1 T_2.10, 6;
    %dup/vec4;
    %pushi/vec4 7, 0, 3;
    %cmp/u;
    %jmp/1 T_2.11, 6;
    %jmp T_2.12;
T_2.4 ;
    %pushi/vec4 15, 0, 4;
    %assign/vec4 v0x25125d50_0, 0;
    %pushi/vec4 0, 0, 1;
    %ix/load 5, 0, 0;
    %load/vec4 v0x25125e30_0;
    %parti/s 2, 8, 5;
    %ix/vec4 4;
    %assign/vec4/off/d v0x25125d50_0, 4, 5;
    %load/vec4 v0x25125b80_0;
    %pad/u 32;
    %cmpi/ne 0, 0, 32;
    %jmp/0xz  T_2.13, 4;
    %pushi/vec4 1, 0, 3;
    %assign/vec4 v0x251268d0_0, 0;
    %pushi/vec4 0, 0, 4;
    %assign/vec4 v0x25125d50_0, 0;
    %pushi/vec4 0, 0, 10;
    %assign/vec4 v0x25125e30_0, 0;
    %pushi/vec4 1, 0, 1;
    %assign/vec4 v0x25126090_0, 0;
    %load/vec4 v0x25125f10_0;
    %ix/load 3, 0, 0;
    %flag_set/imm 4, 0;
    %ix/load 4, 0, 0; Constant delay
    %assign/vec4/a/d v0x25126510, 0, 4;
T_2.13 ;
    %jmp T_2.12;
T_2.5 ;
    %pushi/vec4 1, 0, 5;
    %assign/vec4 v0x25126650_0, 0;
    %pushi/vec4 0, 0, 5;
    %assign/vec4 v0x251265b0_0, 0;
    %pushi/vec4 0, 0, 3;
    %assign/vec4 v0x25126b60_0, 0;
    %load/vec4 v0x25125e30_0;
    %pad/u 32;
    %cmpi/e 500, 0, 32;
    %jmp/0xz  T_2.15, 4;
    %pushi/vec4 1, 0, 1;
    %assign/vec4 v0x25126200_0, 0;
    %pushi/vec4 2, 0, 3;
    %assign/vec4 v0x251268d0_0, 0;
T_2.15 ;
    %jmp T_2.12;
T_2.6 ;
    %pushi/vec4 0, 0, 4;
    %assign/vec4 v0x25125d50_0, 0;
    %pushi/vec4 1, 0, 1;
    %ix/load 5, 0, 0;
    %load/vec4 v0x251265b0_0;
    %pad/u 7;
    %ix/vec4 6;
    %load/vec4a v0x25126510, 6;
    %ix/vec4 4;
    %assign/vec4/off/d v0x25125d50_0, 4, 5;
    %load/vec4 v0x251265b0_0;
    %pad/u 7;
    %ix/vec4 5;
    %load/vec4a v0x25126510, 5;
    %pad/u 4;
    %ix/vec4 4;
    %load/vec4a v0x251258c0, 4;
    %assign/vec4 v0x25126800_0, 0;
    %pushi/vec4 0, 0, 10;
    %assign/vec4 v0x25125e30_0, 0;
    %pushi/vec4 3, 0, 3;
    %assign/vec4 v0x251268d0_0, 0;
    %jmp T_2.12;
T_2.7 ;
    %load/vec4 v0x25125e30_0;
    %pad/u 32;
    %cmpi/e 300, 0, 32;
    %jmp/0xz  T_2.17, 4;
    %pushi/vec4 0, 0, 4;
    %assign/vec4 v0x25125d50_0, 0;
    %pushi/vec4 0, 0, 10;
    %assign/vec4 v0x25126800_0, 0;
T_2.17 ;
    %load/vec4 v0x25125e30_0;
    %pad/u 32;
    %cmpi/e 400, 0, 32;
    %jmp/0xz  T_2.19, 4;
    %load/vec4 v0x251265b0_0;
    %pad/u 32;
    %addi 1, 0, 32;
    %load/vec4 v0x25126650_0;
    %pad/u 32;
    %cmp/e;
    %jmp/0xz  T_2.21, 4;
    %pushi/vec4 4, 0, 3;
    %assign/vec4 v0x251268d0_0, 0;
    %pushi/vec4 0, 0, 10;
    %assign/vec4 v0x25125e30_0, 0;
    %pushi/vec4 0, 0, 5;
    %assign/vec4 v0x251265b0_0, 0;
    %jmp T_2.22;
T_2.21 ;
    %load/vec4 v0x251265b0_0;
    %addi 1, 0, 5;
    %assign/vec4 v0x251265b0_0, 0;
    %pushi/vec4 2, 0, 3;
    %assign/vec4 v0x251268d0_0, 0;
T_2.22 ;
T_2.19 ;
    %jmp T_2.12;
T_2.8 ;
    %pushi/vec4 0, 0, 4;
    %assign/vec4 v0x25125d50_0, 0;
    %pushi/vec4 0, 0, 10;
    %assign/vec4 v0x25125e30_0, 0;
    %load/vec4 v0x25125b80_0;
    %pad/u 32;
    %cmpi/ne 0, 0, 32;
    %jmp/0xz  T_2.23, 4;
    %pushi/vec4 5, 0, 3;
    %assign/vec4 v0x251268d0_0, 0;
    %load/vec4 v0x25125f10_0;
    %load/vec4 v0x25126650_0;
    %pad/u 7;
    %ix/vec4 3;
    %ix/load 4, 0, 0; Constant delay
    %assign/vec4/a/d v0x25126510, 0, 4;
    %load/vec4 v0x25125b80_0;
    %dup/vec4;
    %pushi/vec4 1, 0, 4;
    %cmp/u;
    %jmp/1 T_2.25, 6;
    %dup/vec4;
    %pushi/vec4 2, 0, 4;
    %cmp/u;
    %jmp/1 T_2.26, 6;
    %dup/vec4;
    %pushi/vec4 4, 0, 4;
    %cmp/u;
    %jmp/1 T_2.27, 6;
    %dup/vec4;
    %pushi/vec4 8, 0, 4;
    %cmp/u;
    %jmp/1 T_2.28, 6;
    %pushi/vec4 4, 0, 3;
    %assign/vec4 v0x251268d0_0, 0;
    %jmp T_2.30;
T_2.25 ;
    %pushi/vec4 0, 0, 2;
    %assign/vec4 v0x25126c20_0, 0;
    %jmp T_2.30;
T_2.26 ;
    %pushi/vec4 1, 0, 2;
    %assign/vec4 v0x25126c20_0, 0;
    %jmp T_2.30;
T_2.27 ;
    %pushi/vec4 2, 0, 2;
    %assign/vec4 v0x25126c20_0, 0;
    %jmp T_2.30;
T_2.28 ;
    %pushi/vec4 3, 0, 2;
    %assign/vec4 v0x25126c20_0, 0;
    %jmp T_2.30;
T_2.30 ;
    %pop/vec4 1;
T_2.23 ;
    %jmp T_2.12;
T_2.9 ;
    %pushi/vec4 0, 0, 4;
    %assign/vec4 v0x25125d50_0, 0;
    %pushi/vec4 1, 0, 1;
    %ix/load 5, 0, 0;
    %ix/getv 4, v0x25126c20_0;
    %assign/vec4/off/d v0x25125d50_0, 4, 5;
    %load/vec4 v0x25126c20_0;
    %pad/u 4;
    %ix/vec4 4;
    %load/vec4a v0x251258c0, 4;
    %assign/vec4 v0x25126800_0, 0;
    %load/vec4 v0x25125e30_0;
    %pad/u 32;
    %cmpi/e 300, 0, 32;
    %jmp/0xz  T_2.31, 4;
    %pushi/vec4 0, 0, 10;
    %assign/vec4 v0x25126800_0, 0;
    %load/vec4 v0x25126c20_0;
    %load/vec4 v0x251265b0_0;
    %pad/u 7;
    %ix/vec4 4;
    %load/vec4a v0x25126510, 4;
    %cmp/e;
    %jmp/0xz  T_2.33, 4;
    %load/vec4 v0x251265b0_0;
    %pad/u 32;
    %addi 1, 0, 32;
    %load/vec4 v0x25126650_0;
    %pad/u 32;
    %cmp/e;
    %jmp/0xz  T_2.35, 4;
    %pushi/vec4 0, 0, 10;
    %assign/vec4 v0x25125e30_0, 0;
    %load/vec4 v0x25126650_0;
    %addi 1, 0, 5;
    %assign/vec4 v0x25126650_0, 0;
    %pushi/vec4 6, 0, 3;
    %assign/vec4 v0x251268d0_0, 0;
    %pushi/vec4 1, 0, 1;
    %assign/vec4 v0x25126130_0, 0;
    %jmp T_2.36;
T_2.35 ;
    %load/vec4 v0x251265b0_0;
    %addi 1, 0, 5;
    %assign/vec4 v0x251265b0_0, 0;
    %pushi/vec4 4, 0, 3;
    %assign/vec4 v0x251268d0_0, 0;
T_2.36 ;
    %jmp T_2.34;
T_2.33 ;
    %pushi/vec4 0, 0, 10;
    %assign/vec4 v0x25125e30_0, 0;
    %pushi/vec4 7, 0, 3;
    %assign/vec4 v0x251268d0_0, 0;
T_2.34 ;
T_2.31 ;
    %jmp T_2.12;
T_2.10 ;
    %pushi/vec4 0, 0, 4;
    %assign/vec4 v0x25125d50_0, 0;
    %load/vec4 v0x25125e30_0;
    %pad/u 32;
    %cmpi/e 150, 0, 32;
    %jmp/0xz  T_2.37, 4;
    %load/vec4 v0x25126b60_0;
    %pad/u 32;
    %cmpi/u 7, 0, 32;
    %jmp/0xz  T_2.39, 5;
    %load/vec4 v0x25126b60_0;
    %pad/u 5;
    %ix/vec4 4;
    %load/vec4a v0x25125a00, 4;
    %assign/vec4 v0x25126800_0, 0;
    %jmp T_2.40;
T_2.39 ;
    %pushi/vec4 0, 0, 10;
    %assign/vec4 v0x25126800_0, 0;
    %pushi/vec4 0, 0, 3;
    %assign/vec4 v0x25126b60_0, 0;
    %pushi/vec4 0, 0, 5;
    %assign/vec4 v0x251265b0_0, 0;
    %pushi/vec4 2, 0, 3;
    %assign/vec4 v0x251268d0_0, 0;
T_2.40 ;
    %load/vec4 v0x25126b60_0;
    %addi 1, 0, 3;
    %assign/vec4 v0x25126b60_0, 0;
    %pushi/vec4 0, 0, 10;
    %assign/vec4 v0x25125e30_0, 0;
T_2.37 ;
    %jmp T_2.12;
T_2.11 ;
    %load/vec4 v0x25125e30_0;
    %parti/s 1, 7, 4;
    %flag_set/vec4 8;
    %jmp/0 T_2.41, 8;
    %pushi/vec4 15, 0, 4;
    %jmp/1 T_2.42, 8;
T_2.41 ; End of true expr.
    %pushi/vec4 0, 0, 4;
    %jmp/0 T_2.42, 8;
 ; End of false expr.
    %blend;
T_2.42;
    %assign/vec4 v0x25125d50_0, 0;
    %load/vec4 v0x25126b60_0;
    %pad/u 32;
    %cmpi/e 4, 0, 32;
    %jmp/0xz  T_2.43, 4;
    %ix/load 4, 3, 0;
    %flag_set/imm 4, 0;
    %load/vec4a v0x25125760, 4;
    %subi 16, 0, 10;
    %pushi/vec4 0, 0, 5;
    %load/vec4 v0x25125e30_0;
    %parti/s 5, 0, 2;
    %concat/vec4; draw_concat_vec4
    %add;
    %assign/vec4 v0x25126800_0, 0;
    %load/vec4 v0x25125e30_0;
    %pad/u 32;
    %cmpi/e 1000, 0, 32;
    %jmp/0xz  T_2.45, 4;
    %pushi/vec4 7, 0, 3;
    %assign/vec4 v0x25126b60_0, 0;
    %pushi/vec4 0, 0, 10;
    %assign/vec4 v0x25126800_0, 0;
T_2.45 ;
    %jmp T_2.44;
T_2.43 ;
    %load/vec4 v0x25125e30_0;
    %pad/u 32;
    %cmpi/e 300, 0, 32;
    %jmp/0xz  T_2.47, 4;
    %load/vec4 v0x25126b60_0;
    %pad/u 32;
    %cmpi/u 4, 0, 32;
    %jmp/0xz  T_2.49, 5;
    %load/vec4 v0x25126b60_0;
    %parti/s 2, 0, 2;
    %pad/u 4;
    %ix/vec4 4;
    %load/vec4a v0x25125760, 4;
    %assign/vec4 v0x25126800_0, 0;
    %load/vec4 v0x25126b60_0;
    %addi 1, 0, 3;
    %assign/vec4 v0x25126b60_0, 0;
T_2.49 ;
    %pushi/vec4 0, 0, 10;
    %assign/vec4 v0x25125e30_0, 0;
T_2.47 ;
T_2.44 ;
    %load/vec4 v0x25125b80_0;
    %pad/u 32;
    %cmpi/ne 0, 0, 32;
    %jmp/0xz  T_2.51, 4;
    %pushi/vec4 0, 0, 4;
    %assign/vec4 v0x25125d50_0, 0;
    %pushi/vec4 0, 0, 10;
    %assign/vec4 v0x25126800_0, 0;
    %pushi/vec4 0, 0, 10;
    %assign/vec4 v0x25125e30_0, 0;
    %load/vec4 v0x25125f10_0;
    %ix/load 3, 0, 0;
    %flag_set/imm 4, 0;
    %ix/load 4, 0, 0; Constant delay
    %assign/vec4/a/d v0x25126510, 0, 4;
    %pushi/vec4 1, 0, 3;
    %assign/vec4 v0x251268d0_0, 0;
T_2.51 ;
    %jmp T_2.12;
T_2.12 ;
    %pop/vec4 1;
T_2.1 ;
    %jmp T_2;
    .thread T_2;
    .scope S_0x25128850;
T_3 ;
    %wait E_0x2510b460;
    %load/vec4 v0x25129060_0;
    %flag_set/vec4 8;
    %jmp/0xz  T_3.0, 8;
    %pushi/vec4 0, 0, 32;
    %assign/vec4 v0x251291e0_0, 0;
    %pushi/vec4 0, 0, 1;
    %assign/vec4 v0x25129120_0, 0;
    %jmp T_3.1;
T_3.0 ;
    %load/vec4 v0x25128e50_0;
    %pad/u 32;
    %cmpi/e 0, 0, 32;
    %jmp/0xz  T_3.2, 4;
    %pushi/vec4 0, 0, 1;
    %assign/vec4 v0x25129120_0, 0;
    %jmp T_3.3;
T_3.2 ;
    %load/vec4 v0x251291e0_0;
    %load/vec4 v0x25128f80_0;
    %add;
    %assign/vec4 v0x251291e0_0, 0;
    %load/vec4 v0x251293a0_0;
    %ix/load 4, 1, 0;
    %flag_set/imm 4, 0;
    %shiftr 4;
    %load/vec4 v0x251291e0_0;
    %cmp/u;
    %flag_or 5, 4;
    %jmp/0xz  T_3.4, 5;
    %load/vec4 v0x25129120_0;
    %nor/r;
    %assign/vec4 v0x25129120_0, 0;
    %load/vec4 v0x251291e0_0;
    %load/vec4 v0x25128f80_0;
    %add;
    %load/vec4 v0x251293a0_0;
    %ix/load 4, 1, 0;
    %flag_set/imm 4, 0;
    %shiftr 4;
    %sub;
    %assign/vec4 v0x251291e0_0, 0;
T_3.4 ;
T_3.3 ;
T_3.1 ;
    %jmp T_3;
    .thread T_3;
    .scope S_0x25129520;
T_4 ;
    %wait E_0x2510b460;
    %load/vec4 v0x25129800_0;
    %inv;
    %assign/vec4 v0x25129800_0, 0;
    %load/vec4 v0x25129e80_0;
    %flag_set/vec4 8;
    %jmp/0xz  T_4.0, 8;
    %pushi/vec4 0, 0, 4;
    %assign/vec4 v0x25129da0_0, 0;
    %pushi/vec4 0, 0, 4;
    %assign/vec4 v0x2512a020_0, 0;
    %jmp T_4.1;
T_4.0 ;
    %load/vec4 v0x25129c20_0;
    %flag_set/vec4 8;
    %jmp/0xz  T_4.2, 8;
    %load/vec4 v0x25129da0_0;
    %addi 1, 0, 4;
    %assign/vec4 v0x25129da0_0, 0;
    %load/vec4 v0x25129da0_0;
    %pad/u 32;
    %cmpi/e 9, 0, 32;
    %jmp/0xz  T_4.4, 4;
    %pushi/vec4 0, 0, 4;
    %assign/vec4 v0x25129da0_0, 0;
    %load/vec4 v0x2512a020_0;
    %addi 1, 0, 4;
    %assign/vec4 v0x2512a020_0, 0;
    %load/vec4 v0x2512a020_0;
    %pad/u 32;
    %cmpi/e 9, 0, 32;
    %jmp/0xz  T_4.6, 4;
    %pushi/vec4 0, 0, 4;
    %assign/vec4 v0x2512a020_0, 0;
T_4.6 ;
T_4.4 ;
T_4.2 ;
T_4.1 ;
    %load/vec4 v0x25129800_0;
    %dup/vec4;
    %pushi/vec4 0, 0, 1;
    %cmp/u;
    %jmp/1 T_4.8, 6;
    %dup/vec4;
    %pushi/vec4 1, 0, 1;
    %cmp/u;
    %jmp/1 T_4.9, 6;
    %jmp T_4.10;
T_4.8 ;
    %load/vec4 v0x25129ce0_0;
    %flag_set/vec4 8;
    %jmp/0 T_4.11, 8;
    %pushi/vec4 2, 0, 2;
    %jmp/1 T_4.12, 8;
T_4.11 ; End of true expr.
    %pushi/vec4 1, 0, 2;
    %jmp/0 T_4.12, 8;
 ; End of false expr.
    %blend;
T_4.12;
    %assign/vec4 v0x25129a50_0, 0;
    %jmp T_4.10;
T_4.9 ;
    %load/vec4 v0x25129ce0_0;
    %flag_set/vec4 8;
    %jmp/0 T_4.13, 8;
    %pushi/vec4 1, 0, 2;
    %jmp/1 T_4.14, 8;
T_4.13 ; End of true expr.
    %pushi/vec4 2, 0, 2;
    %jmp/0 T_4.14, 8;
 ; End of false expr.
    %blend;
T_4.14;
    %assign/vec4 v0x25129a50_0, 0;
    %jmp T_4.10;
T_4.10 ;
    %pop/vec4 1;
    %load/vec4 v0x25129b10_0;
    %flag_set/vec4 8;
    %jmp/0 T_4.27, 8;
    %load/vec4 v0x25129980_0;
    %jmp/1 T_4.28, 8;
T_4.27 ; End of true expr.
    %pushi/vec4 15, 0, 4;
    %jmp/0 T_4.28, 8;
 ; End of false expr.
    %blend;
T_4.28;
    %dup/vec4;
    %pushi/vec4 0, 0, 4;
    %cmp/u;
    %jmp/1 T_4.15, 6;
    %dup/vec4;
    %pushi/vec4 1, 0, 4;
    %cmp/u;
    %jmp/1 T_4.16, 6;
    %dup/vec4;
    %pushi/vec4 2, 0, 4;
    %cmp/u;
    %jmp/1 T_4.17, 6;
    %dup/vec4;
    %pushi/vec4 3, 0, 4;
    %cmp/u;
    %jmp/1 T_4.18, 6;
    %dup/vec4;
    %pushi/vec4 4, 0, 4;
    %cmp/u;
    %jmp/1 T_4.19, 6;
    %dup/vec4;
    %pushi/vec4 5, 0, 4;
    %cmp/u;
    %jmp/1 T_4.20, 6;
    %dup/vec4;
    %pushi/vec4 6, 0, 4;
    %cmp/u;
    %jmp/1 T_4.21, 6;
    %dup/vec4;
    %pushi/vec4 7, 0, 4;
    %cmp/u;
    %jmp/1 T_4.22, 6;
    %dup/vec4;
    %pushi/vec4 8, 0, 4;
    %cmp/u;
    %jmp/1 T_4.23, 6;
    %dup/vec4;
    %pushi/vec4 9, 0, 4;
    %cmp/u;
    %jmp/1 T_4.24, 6;
    %load/vec4 v0x25129ce0_0;
    %flag_set/vec4 8;
    %jmp/0 T_4.29, 8;
    %pushi/vec4 127, 0, 7;
    %jmp/1 T_4.30, 8;
T_4.29 ; End of true expr.
    %pushi/vec4 0, 0, 7;
    %jmp/0 T_4.30, 8;
 ; End of false expr.
    %blend;
T_4.30;
    %assign/vec4 v0x25129f40_0, 0;
    %jmp T_4.26;
T_4.15 ;
    %load/vec4 v0x25129ce0_0;
    %flag_set/vec4 8;
    %jmp/0 T_4.31, 8;
    %pushi/vec4 64, 0, 7;
    %jmp/1 T_4.32, 8;
T_4.31 ; End of true expr.
    %pushi/vec4 63, 0, 7;
    %jmp/0 T_4.32, 8;
 ; End of false expr.
    %blend;
T_4.32;
    %assign/vec4 v0x25129f40_0, 0;
    %jmp T_4.26;
T_4.16 ;
    %load/vec4 v0x25129ce0_0;
    %flag_set/vec4 8;
    %jmp/0 T_4.33, 8;
    %pushi/vec4 121, 0, 7;
    %jmp/1 T_4.34, 8;
T_4.33 ; End of true expr.
    %pushi/vec4 6, 0, 7;
    %jmp/0 T_4.34, 8;
 ; End of false expr.
    %blend;
T_4.34;
    %assign/vec4 v0x25129f40_0, 0;
    %jmp T_4.26;
T_4.17 ;
    %load/vec4 v0x25129ce0_0;
    %flag_set/vec4 8;
    %jmp/0 T_4.35, 8;
    %pushi/vec4 36, 0, 7;
    %jmp/1 T_4.36, 8;
T_4.35 ; End of true expr.
    %pushi/vec4 91, 0, 7;
    %jmp/0 T_4.36, 8;
 ; End of false expr.
    %blend;
T_4.36;
    %assign/vec4 v0x25129f40_0, 0;
    %jmp T_4.26;
T_4.18 ;
    %load/vec4 v0x25129ce0_0;
    %flag_set/vec4 8;
    %jmp/0 T_4.37, 8;
    %pushi/vec4 48, 0, 7;
    %jmp/1 T_4.38, 8;
T_4.37 ; End of true expr.
    %pushi/vec4 79, 0, 7;
    %jmp/0 T_4.38, 8;
 ; End of false expr.
    %blend;
T_4.38;
    %assign/vec4 v0x25129f40_0, 0;
    %jmp T_4.26;
T_4.19 ;
    %load/vec4 v0x25129ce0_0;
    %flag_set/vec4 8;
    %jmp/0 T_4.39, 8;
    %pushi/vec4 25, 0, 7;
    %jmp/1 T_4.40, 8;
T_4.39 ; End of true expr.
    %pushi/vec4 102, 0, 7;
    %jmp/0 T_4.40, 8;
 ; End of false expr.
    %blend;
T_4.40;
    %assign/vec4 v0x25129f40_0, 0;
    %jmp T_4.26;
T_4.20 ;
    %load/vec4 v0x25129ce0_0;
    %flag_set/vec4 8;
    %jmp/0 T_4.41, 8;
    %pushi/vec4 18, 0, 7;
    %jmp/1 T_4.42, 8;
T_4.41 ; End of true expr.
    %pushi/vec4 109, 0, 7;
    %jmp/0 T_4.42, 8;
 ; End of false expr.
    %blend;
T_4.42;
    %assign/vec4 v0x25129f40_0, 0;
    %jmp T_4.26;
T_4.21 ;
    %load/vec4 v0x25129ce0_0;
    %flag_set/vec4 8;
    %jmp/0 T_4.43, 8;
    %pushi/vec4 2, 0, 7;
    %jmp/1 T_4.44, 8;
T_4.43 ; End of true expr.
    %pushi/vec4 125, 0, 7;
    %jmp/0 T_4.44, 8;
 ; End of false expr.
    %blend;
T_4.44;
    %assign/vec4 v0x25129f40_0, 0;
    %jmp T_4.26;
T_4.22 ;
    %load/vec4 v0x25129ce0_0;
    %flag_set/vec4 8;
    %jmp/0 T_4.45, 8;
    %pushi/vec4 120, 0, 7;
    %jmp/1 T_4.46, 8;
T_4.45 ; End of true expr.
    %pushi/vec4 7, 0, 7;
    %jmp/0 T_4.46, 8;
 ; End of false expr.
    %blend;
T_4.46;
    %assign/vec4 v0x25129f40_0, 0;
    %jmp T_4.26;
T_4.23 ;
    %load/vec4 v0x25129ce0_0;
    %flag_set/vec4 8;
    %jmp/0 T_4.47, 8;
    %pushi/vec4 0, 0, 7;
    %jmp/1 T_4.48, 8;
T_4.47 ; End of true expr.
    %pushi/vec4 127, 0, 7;
    %jmp/0 T_4.48, 8;
 ; End of false expr.
    %blend;
T_4.48;
    %assign/vec4 v0x25129f40_0, 0;
    %jmp T_4.26;
T_4.24 ;
    %load/vec4 v0x25129ce0_0;
    %flag_set/vec4 8;
    %jmp/0 T_4.49, 8;
    %pushi/vec4 16, 0, 7;
    %jmp/1 T_4.50, 8;
T_4.49 ; End of true expr.
    %pushi/vec4 111, 0, 7;
    %jmp/0 T_4.50, 8;
 ; End of false expr.
    %blend;
T_4.50;
    %assign/vec4 v0x25129f40_0, 0;
    %jmp T_4.26;
T_4.26 ;
    %pop/vec4 1;
    %jmp T_4;
    .thread T_4;
    .scope S_0x25127fc0;
T_5 ;
    %wait E_0x2510b460;
    %load/vec4 v0x2512ab10_0;
    %flag_set/vec4 8;
    %jmp/0xz  T_5.0, 8;
    %pushi/vec4 0, 0, 5;
    %assign/vec4 v0x2512b280_0, 0;
    %pushi/vec4 0, 0, 5;
    %assign/vec4 v0x2512b0d0_0, 0;
    %pushi/vec4 0, 0, 16;
    %assign/vec4 v0x2512b5c0_0, 0;
    %pushi/vec4 0, 0, 10;
    %assign/vec4 v0x2512a950_0, 0;
    %pushi/vec4 0, 0, 10;
    %assign/vec4 v0x2512b430_0, 0;
    %pushi/vec4 0, 0, 2;
    %assign/vec4 v0x2512aa30_0, 0;
    %pushi/vec4 0, 0, 3;
    %assign/vec4 v0x2512b500_0, 0;
    %pushi/vec4 0, 0, 2;
    %ix/load 3, 0, 0;
    %flag_set/imm 4, 0;
    %ix/load 4, 0, 0; Constant delay
    %assign/vec4/a/d v0x2512b030, 0, 4;
    %pushi/vec4 0, 0, 4;
    %assign/vec4 v0x2512a870_0, 0;
    %pushi/vec4 0, 0, 1;
    %assign/vec4 v0x2512ac50_0, 0;
    %pushi/vec4 0, 0, 1;
    %assign/vec4 v0x2512ad20_0, 0;
    %pushi/vec4 0, 0, 1;
    %assign/vec4 v0x2512abb0_0, 0;
    %jmp T_5.1;
T_5.0 ;
    %load/vec4 v0x2512b5c0_0;
    %addi 1, 0, 16;
    %assign/vec4 v0x2512b5c0_0, 0;
    %load/vec4 v0x2512aa30_0;
    %addi 1, 0, 2;
    %assign/vec4 v0x2512aa30_0, 0;
    %pushi/vec4 0, 0, 1;
    %assign/vec4 v0x2512ac50_0, 0;
    %pushi/vec4 0, 0, 1;
    %assign/vec4 v0x2512ad20_0, 0;
    %load/vec4 v0x2512b5c0_0;
    %pad/u 32;
    %load/vec4 v0x2512b6a0_0;
    %pad/u 32;
    %subi 1, 0, 32;
    %cmp/e;
    %jmp/0xz  T_5.2, 4;
    %pushi/vec4 0, 0, 16;
    %assign/vec4 v0x2512b5c0_0, 0;
    %load/vec4 v0x2512a950_0;
    %addi 1, 0, 10;
    %assign/vec4 v0x2512a950_0, 0;
T_5.2 ;
    %load/vec4 v0x2512b500_0;
    %dup/vec4;
    %pushi/vec4 0, 0, 3;
    %cmp/u;
    %jmp/1 T_5.4, 6;
    %dup/vec4;
    %pushi/vec4 1, 0, 3;
    %cmp/u;
    %jmp/1 T_5.5, 6;
    %dup/vec4;
    %pushi/vec4 2, 0, 3;
    %cmp/u;
    %jmp/1 T_5.6, 6;
    %dup/vec4;
    %pushi/vec4 3, 0, 3;
    %cmp/u;
    %jmp/1 T_5.7, 6;
    %dup/vec4;
    %pushi/vec4 4, 0, 3;
    %cmp/u;
    %jmp/1 T_5.8, 6;
    %dup/vec4;
    %pushi/vec4 5, 0, 3;
    %cmp/u;
    %jmp/1 T_5.9, 6;
    %dup/vec4;
    %pushi/vec4 6, 0, 3;
    %cmp/u;
    %jmp/1 T_5.10, 6;
    %dup/vec4;
    %pushi/vec4 7, 0, 3;
    %cmp/u;
    %jmp/1 T_5.11, 6;
    %jmp T_5.12;
T_5.4 ;
    %pushi/vec4 15, 0, 4;
    %assign/vec4 v0x2512a870_0, 0;
    %pushi/vec4 0, 0, 1;
    %ix/load 5, 0, 0;
    %load/vec4 v0x2512a950_0;
    %parti/s 2, 8, 5;
    %ix/vec4 4;
    %assign/vec4/off/d v0x2512a870_0, 4, 5;
    %load/vec4 v0x2512a6a0_0;
    %pad/u 32;
    %cmpi/ne 0, 0, 32;
    %jmp/0xz  T_5.13, 4;
    %pushi/vec4 1, 0, 3;
    %assign/vec4 v0x2512b500_0, 0;
    %pushi/vec4 0, 0, 4;
    %assign/vec4 v0x2512a870_0, 0;
    %pushi/vec4 0, 0, 10;
    %assign/vec4 v0x2512a950_0, 0;
    %pushi/vec4 1, 0, 1;
    %assign/vec4 v0x2512abb0_0, 0;
    %load/vec4 v0x2512aa30_0;
    %ix/load 3, 0, 0;
    %flag_set/imm 4, 0;
    %ix/load 4, 0, 0; Constant delay
    %assign/vec4/a/d v0x2512b030, 0, 4;
T_5.13 ;
    %jmp T_5.12;
T_5.5 ;
    %pushi/vec4 1, 0, 5;
    %assign/vec4 v0x2512b280_0, 0;
    %pushi/vec4 0, 0, 5;
    %assign/vec4 v0x2512b0d0_0, 0;
    %pushi/vec4 0, 0, 3;
    %assign/vec4 v0x2512b790_0, 0;
    %load/vec4 v0x2512a950_0;
    %pad/u 32;
    %cmpi/e 500, 0, 32;
    %jmp/0xz  T_5.15, 4;
    %pushi/vec4 1, 0, 1;
    %assign/vec4 v0x2512ad20_0, 0;
    %pushi/vec4 2, 0, 3;
    %assign/vec4 v0x2512b500_0, 0;
T_5.15 ;
    %jmp T_5.12;
T_5.6 ;
    %pushi/vec4 0, 0, 4;
    %assign/vec4 v0x2512a870_0, 0;
    %pushi/vec4 1, 0, 1;
    %ix/load 5, 0, 0;
    %load/vec4 v0x2512b0d0_0;
    %pad/u 7;
    %ix/vec4 6;
    %load/vec4a v0x2512b030, 6;
    %ix/vec4 4;
    %assign/vec4/off/d v0x2512a870_0, 4, 5;
    %load/vec4 v0x2512b0d0_0;
    %pad/u 7;
    %ix/vec4 5;
    %load/vec4a v0x2512b030, 5;
    %pad/u 4;
    %ix/vec4 4;
    %load/vec4a v0x2512a380, 4;
    %assign/vec4 v0x2512b430_0, 0;
    %pushi/vec4 0, 0, 10;
    %assign/vec4 v0x2512a950_0, 0;
    %pushi/vec4 3, 0, 3;
    %assign/vec4 v0x2512b500_0, 0;
    %jmp T_5.12;
T_5.7 ;
    %load/vec4 v0x2512a950_0;
    %pad/u 32;
    %cmpi/e 300, 0, 32;
    %jmp/0xz  T_5.17, 4;
    %pushi/vec4 0, 0, 4;
    %assign/vec4 v0x2512a870_0, 0;
    %pushi/vec4 0, 0, 10;
    %assign/vec4 v0x2512b430_0, 0;
T_5.17 ;
    %load/vec4 v0x2512a950_0;
    %pad/u 32;
    %cmpi/e 400, 0, 32;
    %jmp/0xz  T_5.19, 4;
    %load/vec4 v0x2512b0d0_0;
    %pad/u 32;
    %addi 1, 0, 32;
    %load/vec4 v0x2512b280_0;
    %pad/u 32;
    %cmp/e;
    %jmp/0xz  T_5.21, 4;
    %pushi/vec4 4, 0, 3;
    %assign/vec4 v0x2512b500_0, 0;
    %pushi/vec4 0, 0, 10;
    %assign/vec4 v0x2512a950_0, 0;
    %pushi/vec4 0, 0, 5;
    %assign/vec4 v0x2512b0d0_0, 0;
    %jmp T_5.22;
T_5.21 ;
    %load/vec4 v0x2512b0d0_0;
    %addi 1, 0, 5;
    %assign/vec4 v0x2512b0d0_0, 0;
    %pushi/vec4 2, 0, 3;
    %assign/vec4 v0x2512b500_0, 0;
T_5.22 ;
T_5.19 ;
    %jmp T_5.12;
T_5.8 ;
    %pushi/vec4 0, 0, 4;
    %assign/vec4 v0x2512a870_0, 0;
    %pushi/vec4 0, 0, 10;
    %assign/vec4 v0x2512a950_0, 0;
    %load/vec4 v0x2512a6a0_0;
    %pad/u 32;
    %cmpi/ne 0, 0, 32;
    %jmp/0xz  T_5.23, 4;
    %pushi/vec4 5, 0, 3;
    %assign/vec4 v0x2512b500_0, 0;
    %load/vec4 v0x2512aa30_0;
    %load/vec4 v0x2512b280_0;
    %pad/u 7;
    %ix/vec4 3;
    %ix/load 4, 0, 0; Constant delay
    %assign/vec4/a/d v0x2512b030, 0, 4;
    %load/vec4 v0x2512a6a0_0;
    %dup/vec4;
    %pushi/vec4 1, 0, 4;
    %cmp/u;
    %jmp/1 T_5.25, 6;
    %dup/vec4;
    %pushi/vec4 2, 0, 4;
    %cmp/u;
    %jmp/1 T_5.26, 6;
    %dup/vec4;
    %pushi/vec4 4, 0, 4;
    %cmp/u;
    %jmp/1 T_5.27, 6;
    %dup/vec4;
    %pushi/vec4 8, 0, 4;
    %cmp/u;
    %jmp/1 T_5.28, 6;
    %pushi/vec4 4, 0, 3;
    %assign/vec4 v0x2512b500_0, 0;
    %jmp T_5.30;
T_5.25 ;
    %pushi/vec4 0, 0, 2;
    %assign/vec4 v0x2512b850_0, 0;
    %jmp T_5.30;
T_5.26 ;
    %pushi/vec4 1, 0, 2;
    %assign/vec4 v0x2512b850_0, 0;
    %jmp T_5.30;
T_5.27 ;
    %pushi/vec4 2, 0, 2;
    %assign/vec4 v0x2512b850_0, 0;
    %jmp T_5.30;
T_5.28 ;
    %pushi/vec4 3, 0, 2;
    %assign/vec4 v0x2512b850_0, 0;
    %jmp T_5.30;
T_5.30 ;
    %pop/vec4 1;
T_5.23 ;
    %jmp T_5.12;
T_5.9 ;
    %pushi/vec4 0, 0, 4;
    %assign/vec4 v0x2512a870_0, 0;
    %pushi/vec4 1, 0, 1;
    %ix/load 5, 0, 0;
    %ix/getv 4, v0x2512b850_0;
    %assign/vec4/off/d v0x2512a870_0, 4, 5;
    %load/vec4 v0x2512b850_0;
    %pad/u 4;
    %ix/vec4 4;
    %load/vec4a v0x2512a380, 4;
    %assign/vec4 v0x2512b430_0, 0;
    %load/vec4 v0x2512a950_0;
    %pad/u 32;
    %cmpi/e 300, 0, 32;
    %jmp/0xz  T_5.31, 4;
    %pushi/vec4 0, 0, 10;
    %assign/vec4 v0x2512b430_0, 0;
    %load/vec4 v0x2512b850_0;
    %load/vec4 v0x2512b0d0_0;
    %pad/u 7;
    %ix/vec4 4;
    %load/vec4a v0x2512b030, 4;
    %cmp/e;
    %jmp/0xz  T_5.33, 4;
    %load/vec4 v0x2512b0d0_0;
    %pad/u 32;
    %addi 1, 0, 32;
    %load/vec4 v0x2512b280_0;
    %pad/u 32;
    %cmp/e;
    %jmp/0xz  T_5.35, 4;
    %pushi/vec4 0, 0, 10;
    %assign/vec4 v0x2512a950_0, 0;
    %load/vec4 v0x2512b280_0;
    %addi 1, 0, 5;
    %assign/vec4 v0x2512b280_0, 0;
    %pushi/vec4 6, 0, 3;
    %assign/vec4 v0x2512b500_0, 0;
    %pushi/vec4 1, 0, 1;
    %assign/vec4 v0x2512ac50_0, 0;
    %jmp T_5.36;
T_5.35 ;
    %load/vec4 v0x2512b0d0_0;
    %addi 1, 0, 5;
    %assign/vec4 v0x2512b0d0_0, 0;
    %pushi/vec4 4, 0, 3;
    %assign/vec4 v0x2512b500_0, 0;
T_5.36 ;
    %jmp T_5.34;
T_5.33 ;
    %pushi/vec4 0, 0, 10;
    %assign/vec4 v0x2512a950_0, 0;
    %pushi/vec4 7, 0, 3;
    %assign/vec4 v0x2512b500_0, 0;
T_5.34 ;
T_5.31 ;
    %jmp T_5.12;
T_5.10 ;
    %pushi/vec4 0, 0, 4;
    %assign/vec4 v0x2512a870_0, 0;
    %load/vec4 v0x2512a950_0;
    %pad/u 32;
    %cmpi/e 150, 0, 32;
    %jmp/0xz  T_5.37, 4;
    %load/vec4 v0x2512b790_0;
    %pad/u 32;
    %cmpi/u 7, 0, 32;
    %jmp/0xz  T_5.39, 5;
    %load/vec4 v0x2512b790_0;
    %pad/u 5;
    %ix/vec4 4;
    %load/vec4a v0x2512a4f0, 4;
    %assign/vec4 v0x2512b430_0, 0;
    %jmp T_5.40;
T_5.39 ;
    %pushi/vec4 0, 0, 10;
    %assign/vec4 v0x2512b430_0, 0;
    %pushi/vec4 0, 0, 3;
    %assign/vec4 v0x2512b790_0, 0;
    %pushi/vec4 0, 0, 5;
    %assign/vec4 v0x2512b0d0_0, 0;
    %pushi/vec4 2, 0, 3;
    %assign/vec4 v0x2512b500_0, 0;
T_5.40 ;
    %load/vec4 v0x2512b790_0;
    %addi 1, 0, 3;
    %assign/vec4 v0x2512b790_0, 0;
    %pushi/vec4 0, 0, 10;
    %assign/vec4 v0x2512a950_0, 0;
T_5.37 ;
    %jmp T_5.12;
T_5.11 ;
    %load/vec4 v0x2512a950_0;
    %parti/s 1, 7, 4;
    %flag_set/vec4 8;
    %jmp/0 T_5.41, 8;
    %pushi/vec4 15, 0, 4;
    %jmp/1 T_5.42, 8;
T_5.41 ; End of true expr.
    %pushi/vec4 0, 0, 4;
    %jmp/0 T_5.42, 8;
 ; End of false expr.
    %blend;
T_5.42;
    %assign/vec4 v0x2512a870_0, 0;
    %load/vec4 v0x2512b790_0;
    %pad/u 32;
    %cmpi/e 4, 0, 32;
    %jmp/0xz  T_5.43, 4;
    %ix/load 4, 3, 0;
    %flag_set/imm 4, 0;
    %load/vec4a v0x2512a220, 4;
    %subi 16, 0, 10;
    %pushi/vec4 0, 0, 5;
    %load/vec4 v0x2512a950_0;
    %parti/s 5, 0, 2;
    %concat/vec4; draw_concat_vec4
    %add;
    %assign/vec4 v0x2512b430_0, 0;
    %load/vec4 v0x2512a950_0;
    %pad/u 32;
    %cmpi/e 1000, 0, 32;
    %jmp/0xz  T_5.45, 4;
    %pushi/vec4 7, 0, 3;
    %assign/vec4 v0x2512b790_0, 0;
    %pushi/vec4 0, 0, 10;
    %assign/vec4 v0x2512b430_0, 0;
T_5.45 ;
    %jmp T_5.44;
T_5.43 ;
    %load/vec4 v0x2512a950_0;
    %pad/u 32;
    %cmpi/e 300, 0, 32;
    %jmp/0xz  T_5.47, 4;
    %load/vec4 v0x2512b790_0;
    %pad/u 32;
    %cmpi/u 4, 0, 32;
    %jmp/0xz  T_5.49, 5;
    %load/vec4 v0x2512b790_0;
    %parti/s 2, 0, 2;
    %pad/u 4;
    %ix/vec4 4;
    %load/vec4a v0x2512a220, 4;
    %assign/vec4 v0x2512b430_0, 0;
    %load/vec4 v0x2512b790_0;
    %addi 1, 0, 3;
    %assign/vec4 v0x2512b790_0, 0;
T_5.49 ;
    %pushi/vec4 0, 0, 10;
    %assign/vec4 v0x2512a950_0, 0;
T_5.47 ;
T_5.44 ;
    %load/vec4 v0x2512a6a0_0;
    %pad/u 32;
    %cmpi/ne 0, 0, 32;
    %jmp/0xz  T_5.51, 4;
    %pushi/vec4 0, 0, 4;
    %assign/vec4 v0x2512a870_0, 0;
    %pushi/vec4 0, 0, 10;
    %assign/vec4 v0x2512b430_0, 0;
    %pushi/vec4 0, 0, 10;
    %assign/vec4 v0x2512a950_0, 0;
    %load/vec4 v0x2512aa30_0;
    %ix/load 3, 0, 0;
    %flag_set/imm 4, 0;
    %ix/load 4, 0, 0; Constant delay
    %assign/vec4/a/d v0x2512b030, 0, 4;
    %pushi/vec4 1, 0, 3;
    %assign/vec4 v0x2512b500_0, 0;
T_5.51 ;
    %jmp T_5.12;
T_5.12 ;
    %pop/vec4 1;
T_5.1 ;
    %jmp T_5;
    .thread T_5;
    .scope S_0x250fa000;
T_6 ;
    %pushi/vec4 0, 0, 1;
    %store/vec4 v0x2512bd00_0, 0, 1;
    %pushi/vec4 0, 0, 1;
    %store/vec4 v0x2512bc30_0, 0, 1;
    %pushi/vec4 0, 0, 4;
    %store/vec4 v0x2512ba50_0, 0, 4;
    %end;
    .thread T_6;
    .scope S_0x250fa000;
T_7 ;
    %delay 1, 0;
    %load/vec4 v0x2512bd00_0;
    %nor/r;
    %store/vec4 v0x2512bd00_0, 0, 1;
    %jmp T_7;
    .thread T_7;
    .scope S_0x250fa000;
T_8 ;
    %delay 1000, 0;
    %vpi_call 3 15 "$finish" {0 0 0};
    %end;
    .thread T_8;
    .scope S_0x250fa000;
T_9 ;
    %delay 0, 0;
    %pushi/vec4 0, 0, 1;
    %store/vec4 v0x2512bc30_0, 0, 1;
    %delay 1, 0;
    %pushi/vec4 4, 0, 4;
    %store/vec4 v0x2512ba50_0, 0, 4;
    %delay 1, 0;
    %pushi/vec4 0, 0, 4;
    %store/vec4 v0x2512ba50_0, 0, 4;
    %end;
    .thread T_9;
    .scope S_0x250fa000;
T_10 ;
    %vpi_call 3 37 "$dumpfile", "simon_dice_tb.vcd" {0 0 0};
    %vpi_call 3 38 "$dumpvars", 32'sb00000000000000000000000000000000, S_0x250fa000 {0 0 0};
    %end;
    .thread T_10;
# The file index is used to find the file name in the following table.
:file_names 4;
    "N/A";
    "<interactive>";
    "./src/simon_dice.v";
    "src/simon_tb.v";
# EOF
